The system is: Linux - 5.15.0-72-generic - x86_64
Compiling the CXX compiler identification source file "CMakeCXXCompilerId.cpp" succeeded.
Compiler: /usr/bin/c++ 
Build flags: 
Id flags:  

The output was:
0


Compilation of the CXX compiler identification source "CMakeCXXCompilerId.cpp" produced "a.out"

The CXX compiler identification is GNU, found in "/home/agilex/agilex_ws/build/glog/CMakeFiles/3.22.1/CompilerIdCXX/a.out"

Detecting CXX compiler ABI info compiled with the following output:
Change Dir: /home/agilex/agilex_ws/build/glog/CMakeFiles/CMakeTmp

Run Build Command(s):/usr/bin/gmake -f Makefile cmTC_6db8f/fast && /usr/bin/gmake  -f CMakeFiles/cmTC_6db8f.dir/build.make CMakeFiles/cmTC_6db8f.dir/build
gmake[1]: Entering directory '/home/agilex/agilex_ws/build/glog/CMakeFiles/CMakeTmp'
Building CXX object CMakeFiles/cmTC_6db8f.dir/CMakeCXXCompilerABI.cpp.o
/usr/bin/c++   -v -o CMakeFiles/cmTC_6db8f.dir/CMakeCXXCompilerABI.cpp.o -c /usr/share/cmake-3.22/Modules/CMakeCXXCompilerABI.cpp
Using built-in specs.
COLLECT_GCC=/usr/bin/c++
OFFLOAD_TARGET_NAMES=nvptx-none:amdgcn-amdhsa
OFFLOAD_TARGET_DEFAULT=1
Target: x86_64-linux-gnu
Configured with: ../src/configure -v --with-pkgversion='Ubuntu 11.3.0-1ubuntu1~22.04.1' --with-bugurl=file:///usr/share/doc/gcc-11/README.Bugs --enable-languages=c,ada,c++,go,brig,d,fortran,objc,obj-c++,m2 --prefix=/usr --with-gcc-major-version-only --program-suffix=-11 --program-prefix=x86_64-linux-gnu- --enable-shared --enable-linker-build-id --libexecdir=/usr/lib --without-included-gettext --enable-threads=posix --libdir=/usr/lib --enable-nls --enable-bootstrap --enable-clocale=gnu --enable-libstdcxx-debug --enable-libstdcxx-time=yes --with-default-libstdcxx-abi=new --enable-gnu-unique-object --disable-vtable-verify --enable-plugin --enable-default-pie --with-system-zlib --enable-libphobos-checking=release --with-target-system-zlib=auto --enable-objc-gc=auto --enable-multiarch --disable-werror --enable-cet --with-arch-32=i686 --with-abi=m64 --with-multilib-list=m32,m64,mx32 --enable-multilib --with-tune=generic --enable-offload-targets=nvptx-none=/build/gcc-11-aYxV0E/gcc-11-11.3.0/debian/tmp-nvptx/usr,amdgcn-amdhsa=/build/gcc-11-aYxV0E/gcc-11-11.3.0/debian/tmp-gcn/usr --without-cuda-driver --enable-checking=release --build=x86_64-linux-gnu --host=x86_64-linux-gnu --target=x86_64-linux-gnu --with-build-config=bootstrap-lto-lean --enable-link-serialization=2
Thread model: posix
Supported LTO compression algorithms: zlib zstd
gcc version 11.3.0 (Ubuntu 11.3.0-1ubuntu1~22.04.1) 
COLLECT_GCC_OPTIONS='-v' '-o' 'CMakeFiles/cmTC_6db8f.dir/CMakeCXXCompilerABI.cpp.o' '-c' '-shared-libgcc' '-mtune=generic' '-march=x86-64' '-dumpdir' 'CMakeFiles/cmTC_6db8f.dir/'
 /usr/lib/gcc/x86_64-linux-gnu/11/cc1plus -quiet -v -imultiarch x86_64-linux-gnu -D_GNU_SOURCE /usr/share/cmake-3.22/Modules/CMakeCXXCompilerABI.cpp -quiet -dumpdir CMakeFiles/cmTC_6db8f.dir/ -dumpbase CMakeCXXCompilerABI.cpp.cpp -dumpbase-ext .cpp -mtune=generic -march=x86-64 -version -fasynchronous-unwind-tables -fstack-protector-strong -Wformat -Wformat-security -fstack-clash-protection -fcf-protection -o /tmp/ccCjqRN6.s
GNU C++17 (Ubuntu 11.3.0-1ubuntu1~22.04.1) version 11.3.0 (x86_64-linux-gnu)
	compiled by GNU C version 11.3.0, GMP version 6.2.1, MPFR version 4.1.0, MPC version 1.2.1, isl version isl-0.24-GMP

GGC heuristics: --param ggc-min-expand=100 --param ggc-min-heapsize=131072
ignoring duplicate directory "/usr/include/x86_64-linux-gnu/c++/11"
ignoring nonexistent directory "/usr/local/include/x86_64-linux-gnu"
ignoring nonexistent directory "/usr/lib/gcc/x86_64-linux-gnu/11/include-fixed"
ignoring nonexistent directory "/usr/lib/gcc/x86_64-linux-gnu/11/../../../../x86_64-linux-gnu/include"
#include "..." search starts here:
#include <...> search starts here:
 /usr/include/c++/11
 /usr/include/x86_64-linux-gnu/c++/11
 /usr/include/c++/11/backward
 /usr/lib/gcc/x86_64-linux-gnu/11/include
 /usr/local/include
 /usr/include/x86_64-linux-gnu
 /usr/include
End of search list.
GNU C++17 (Ubuntu 11.3.0-1ubuntu1~22.04.1) version 11.3.0 (x86_64-linux-gnu)
	compiled by GNU C version 11.3.0, GMP version 6.2.1, MPFR version 4.1.0, MPC version 1.2.1, isl version isl-0.24-GMP

GGC heuristics: --param ggc-min-expand=100 --param ggc-min-heapsize=131072
Compiler executable checksum: 2b9b53ff7f3a6952e2fe60119c16be53
COLLECT_GCC_OPTIONS='-v' '-o' 'CMakeFiles/cmTC_6db8f.dir/CMakeCXXCompilerABI.cpp.o' '-c' '-shared-libgcc' '-mtune=generic' '-march=x86-64' '-dumpdir' 'CMakeFiles/cmTC_6db8f.dir/'
 as -v --64 -o CMakeFiles/cmTC_6db8f.dir/CMakeCXXCompilerABI.cpp.o /tmp/ccCjqRN6.s
GNU assembler version 2.38 (x86_64-linux-gnu) using BFD version (GNU Binutils for Ubuntu) 2.38
COMPILER_PATH=/usr/lib/gcc/x86_64-linux-gnu/11/:/usr/lib/gcc/x86_64-linux-gnu/11/:/usr/lib/gcc/x86_64-linux-gnu/:/usr/lib/gcc/x86_64-linux-gnu/11/:/usr/lib/gcc/x86_64-linux-gnu/
LIBRARY_PATH=/usr/lib/gcc/x86_64-linux-gnu/11/:/usr/lib/gcc/x86_64-linux-gnu/11/../../../x86_64-linux-gnu/:/usr/lib/gcc/x86_64-linux-gnu/11/../../../../lib/:/lib/x86_64-linux-gnu/:/lib/../lib/:/usr/lib/x86_64-linux-gnu/:/usr/lib/../lib/:/usr/lib/gcc/x86_64-linux-gnu/11/../../../:/lib/:/usr/lib/
COLLECT_GCC_OPTIONS='-v' '-o' 'CMakeFiles/cmTC_6db8f.dir/CMakeCXXCompilerABI.cpp.o' '-c' '-shared-libgcc' '-mtune=generic' '-march=x86-64' '-dumpdir' 'CMakeFiles/cmTC_6db8f.dir/CMakeCXXCompilerABI.cpp.'
Linking CXX executable cmTC_6db8f
/usr/bin/cmake -E cmake_link_script CMakeFiles/cmTC_6db8f.dir/link.txt --verbose=1
/usr/bin/c++  -v CMakeFiles/cmTC_6db8f.dir/CMakeCXXCompilerABI.cpp.o -o cmTC_6db8f 
Using built-in specs.
COLLECT_GCC=/usr/bin/c++
COLLECT_LTO_WRAPPER=/usr/lib/gcc/x86_64-linux-gnu/11/lto-wrapper
OFFLOAD_TARGET_NAMES=nvptx-none:amdgcn-amdhsa
OFFLOAD_TARGET_DEFAULT=1
Target: x86_64-linux-gnu
Configured with: ../src/configure -v --with-pkgversion='Ubuntu 11.3.0-1ubuntu1~22.04.1' --with-bugurl=file:///usr/share/doc/gcc-11/README.Bugs --enable-languages=c,ada,c++,go,brig,d,fortran,objc,obj-c++,m2 --prefix=/usr --with-gcc-major-version-only --program-suffix=-11 --program-prefix=x86_64-linux-gnu- --enable-shared --enable-linker-build-id --libexecdir=/usr/lib --without-included-gettext --enable-threads=posix --libdir=/usr/lib --enable-nls --enable-bootstrap --enable-clocale=gnu --enable-libstdcxx-debug --enable-libstdcxx-time=yes --with-default-libstdcxx-abi=new --enable-gnu-unique-object --disable-vtable-verify --enable-plugin --enable-default-pie --with-system-zlib --enable-libphobos-checking=release --with-target-system-zlib=auto --enable-objc-gc=auto --enable-multiarch --disable-werror --enable-cet --with-arch-32=i686 --with-abi=m64 --with-multilib-list=m32,m64,mx32 --enable-multilib --with-tune=generic --enable-offload-targets=nvptx-none=/build/gcc-11-aYxV0E/gcc-11-11.3.0/debian/tmp-nvptx/usr,amdgcn-amdhsa=/build/gcc-11-aYxV0E/gcc-11-11.3.0/debian/tmp-gcn/usr --without-cuda-driver --enable-checking=release --build=x86_64-linux-gnu --host=x86_64-linux-gnu --target=x86_64-linux-gnu --with-build-config=bootstrap-lto-lean --enable-link-serialization=2
Thread model: posix
Supported LTO compression algorithms: zlib zstd
gcc version 11.3.0 (Ubuntu 11.3.0-1ubuntu1~22.04.1) 
COMPILER_PATH=/usr/lib/gcc/x86_64-linux-gnu/11/:/usr/lib/gcc/x86_64-linux-gnu/11/:/usr/lib/gcc/x86_64-linux-gnu/:/usr/lib/gcc/x86_64-linux-gnu/11/:/usr/lib/gcc/x86_64-linux-gnu/
LIBRARY_PATH=/usr/lib/gcc/x86_64-linux-gnu/11/:/usr/lib/gcc/x86_64-linux-gnu/11/../../../x86_64-linux-gnu/:/usr/lib/gcc/x86_64-linux-gnu/11/../../../../lib/:/lib/x86_64-linux-gnu/:/lib/../lib/:/usr/lib/x86_64-linux-gnu/:/usr/lib/../lib/:/usr/lib/gcc/x86_64-linux-gnu/11/../../../:/lib/:/usr/lib/
COLLECT_GCC_OPTIONS='-v' '-o' 'cmTC_6db8f' '-shared-libgcc' '-mtune=generic' '-march=x86-64' '-dumpdir' 'cmTC_6db8f.'
 /usr/lib/gcc/x86_64-linux-gnu/11/collect2 -plugin /usr/lib/gcc/x86_64-linux-gnu/11/liblto_plugin.so -plugin-opt=/usr/lib/gcc/x86_64-linux-gnu/11/lto-wrapper -plugin-opt=-fresolution=/tmp/cckpM4T0.res -plugin-opt=-pass-through=-lgcc_s -plugin-opt=-pass-through=-lgcc -plugin-opt=-pass-through=-lc -plugin-opt=-pass-through=-lgcc_s -plugin-opt=-pass-through=-lgcc --build-id --eh-frame-hdr -m elf_x86_64 --hash-style=gnu --as-needed -dynamic-linker /lib64/ld-linux-x86-64.so.2 -pie -z now -z relro -o cmTC_6db8f /usr/lib/gcc/x86_64-linux-gnu/11/../../../x86_64-linux-gnu/Scrt1.o /usr/lib/gcc/x86_64-linux-gnu/11/../../../x86_64-linux-gnu/crti.o /usr/lib/gcc/x86_64-linux-gnu/11/crtbeginS.o -L/usr/lib/gcc/x86_64-linux-gnu/11 -L/usr/lib/gcc/x86_64-linux-gnu/11/../../../x86_64-linux-gnu -L/usr/lib/gcc/x86_64-linux-gnu/11/../../../../lib -L/lib/x86_64-linux-gnu -L/lib/../lib -L/usr/lib/x86_64-linux-gnu -L/usr/lib/../lib -L/usr/lib/gcc/x86_64-linux-gnu/11/../../.. CMakeFiles/cmTC_6db8f.dir/CMakeCXXCompilerABI.cpp.o -lstdc++ -lm -lgcc_s -lgcc -lc -lgcc_s -lgcc /usr/lib/gcc/x86_64-linux-gnu/11/crtendS.o /usr/lib/gcc/x86_64-linux-gnu/11/../../../x86_64-linux-gnu/crtn.o
COLLECT_GCC_OPTIONS='-v' '-o' 'cmTC_6db8f' '-shared-libgcc' '-mtune=generic' '-march=x86-64' '-dumpdir' 'cmTC_6db8f.'
gmake[1]: Leaving directory '/home/agilex/agilex_ws/build/glog/CMakeFiles/CMakeTmp'



Parsed CXX implicit include dir info from above output: rv=done
  found start of include info
  found start of implicit include info
    add: [/usr/include/c++/11]
    add: [/usr/include/x86_64-linux-gnu/c++/11]
    add: [/usr/include/c++/11/backward]
    add: [/usr/lib/gcc/x86_64-linux-gnu/11/include]
    add: [/usr/local/include]
    add: [/usr/include/x86_64-linux-gnu]
    add: [/usr/include]
  end of search list found
  collapse include dir [/usr/include/c++/11] ==> [/usr/include/c++/11]
  collapse include dir [/usr/include/x86_64-linux-gnu/c++/11] ==> [/usr/include/x86_64-linux-gnu/c++/11]
  collapse include dir [/usr/include/c++/11/backward] ==> [/usr/include/c++/11/backward]
  collapse include dir [/usr/lib/gcc/x86_64-linux-gnu/11/include] ==> [/usr/lib/gcc/x86_64-linux-gnu/11/include]
  collapse include dir [/usr/local/include] ==> [/usr/local/include]
  collapse include dir [/usr/include/x86_64-linux-gnu] ==> [/usr/include/x86_64-linux-gnu]
  collapse include dir [/usr/include] ==> [/usr/include]
  implicit include dirs: [/usr/include/c++/11;/usr/include/x86_64-linux-gnu/c++/11;/usr/include/c++/11/backward;/usr/lib/gcc/x86_64-linux-gnu/11/include;/usr/local/include;/usr/include/x86_64-linux-gnu;/usr/include]


Parsed CXX implicit link information from above output:
  link line regex: [^( *|.*[/\])(ld|CMAKE_LINK_STARTFILE-NOTFOUND|([^/\]+-)?ld|collect2)[^/\]*( |$)]
  ignore line: [Change Dir: /home/agilex/agilex_ws/build/glog/CMakeFiles/CMakeTmp]
  ignore line: []
  ignore line: [Run Build Command(s):/usr/bin/gmake -f Makefile cmTC_6db8f/fast && /usr/bin/gmake  -f CMakeFiles/cmTC_6db8f.dir/build.make CMakeFiles/cmTC_6db8f.dir/build]
  ignore line: [gmake[1]: Entering directory '/home/agilex/agilex_ws/build/glog/CMakeFiles/CMakeTmp']
  ignore line: [Building CXX object CMakeFiles/cmTC_6db8f.dir/CMakeCXXCompilerABI.cpp.o]
  ignore line: [/usr/bin/c++   -v -o CMakeFiles/cmTC_6db8f.dir/CMakeCXXCompilerABI.cpp.o -c /usr/share/cmake-3.22/Modules/CMakeCXXCompilerABI.cpp]
  ignore line: [Using built-in specs.]
  ignore line: [COLLECT_GCC=/usr/bin/c++]
  ignore line: [OFFLOAD_TARGET_NAMES=nvptx-none:amdgcn-amdhsa]
  ignore line: [OFFLOAD_TARGET_DEFAULT=1]
  ignore line: [Target: x86_64-linux-gnu]
  ignore line: [Configured with: ../src/configure -v --with-pkgversion='Ubuntu 11.3.0-1ubuntu1~22.04.1' --with-bugurl=file:///usr/share/doc/gcc-11/README.Bugs --enable-languages=c ada c++ go brig d fortran objc obj-c++ m2 --prefix=/usr --with-gcc-major-version-only --program-suffix=-11 --program-prefix=x86_64-linux-gnu- --enable-shared --enable-linker-build-id --libexecdir=/usr/lib --without-included-gettext --enable-threads=posix --libdir=/usr/lib --enable-nls --enable-bootstrap --enable-clocale=gnu --enable-libstdcxx-debug --enable-libstdcxx-time=yes --with-default-libstdcxx-abi=new --enable-gnu-unique-object --disable-vtable-verify --enable-plugin --enable-default-pie --with-system-zlib --enable-libphobos-checking=release --with-target-system-zlib=auto --enable-objc-gc=auto --enable-multiarch --disable-werror --enable-cet --with-arch-32=i686 --with-abi=m64 --with-multilib-list=m32 m64 mx32 --enable-multilib --with-tune=generic --enable-offload-targets=nvptx-none=/build/gcc-11-aYxV0E/gcc-11-11.3.0/debian/tmp-nvptx/usr amdgcn-amdhsa=/build/gcc-11-aYxV0E/gcc-11-11.3.0/debian/tmp-gcn/usr --without-cuda-driver --enable-checking=release --build=x86_64-linux-gnu --host=x86_64-linux-gnu --target=x86_64-linux-gnu --with-build-config=bootstrap-lto-lean --enable-link-serialization=2]
  ignore line: [Thread model: posix]
  ignore line: [Supported LTO compression algorithms: zlib zstd]
  ignore line: [gcc version 11.3.0 (Ubuntu 11.3.0-1ubuntu1~22.04.1) ]
  ignore line: [COLLECT_GCC_OPTIONS='-v' '-o' 'CMakeFiles/cmTC_6db8f.dir/CMakeCXXCompilerABI.cpp.o' '-c' '-shared-libgcc' '-mtune=generic' '-march=x86-64' '-dumpdir' 'CMakeFiles/cmTC_6db8f.dir/']
  ignore line: [ /usr/lib/gcc/x86_64-linux-gnu/11/cc1plus -quiet -v -imultiarch x86_64-linux-gnu -D_GNU_SOURCE /usr/share/cmake-3.22/Modules/CMakeCXXCompilerABI.cpp -quiet -dumpdir CMakeFiles/cmTC_6db8f.dir/ -dumpbase CMakeCXXCompilerABI.cpp.cpp -dumpbase-ext .cpp -mtune=generic -march=x86-64 -version -fasynchronous-unwind-tables -fstack-protector-strong -Wformat -Wformat-security -fstack-clash-protection -fcf-protection -o /tmp/ccCjqRN6.s]
  ignore line: [GNU C++17 (Ubuntu 11.3.0-1ubuntu1~22.04.1) version 11.3.0 (x86_64-linux-gnu)]
  ignore line: [	compiled by GNU C version 11.3.0  GMP version 6.2.1  MPFR version 4.1.0  MPC version 1.2.1  isl version isl-0.24-GMP]
  ignore line: []
  ignore line: [GGC heuristics: --param ggc-min-expand=100 --param ggc-min-heapsize=131072]
  ignore line: [ignoring duplicate directory "/usr/include/x86_64-linux-gnu/c++/11"]
  ignore line: [ignoring nonexistent directory "/usr/local/include/x86_64-linux-gnu"]
  ignore line: [ignoring nonexistent directory "/usr/lib/gcc/x86_64-linux-gnu/11/include-fixed"]
  ignore line: [ignoring nonexistent directory "/usr/lib/gcc/x86_64-linux-gnu/11/../../../../x86_64-linux-gnu/include"]
  ignore line: [#include "..." search starts here:]
  ignore line: [#include <...> search starts here:]
  ignore line: [ /usr/include/c++/11]
  ignore line: [ /usr/include/x86_64-linux-gnu/c++/11]
  ignore line: [ /usr/include/c++/11/backward]
  ignore line: [ /usr/lib/gcc/x86_64-linux-gnu/11/include]
  ignore line: [ /usr/local/include]
  ignore line: [ /usr/include/x86_64-linux-gnu]
  ignore line: [ /usr/include]
  ignore line: [End of search list.]
  ignore line: [GNU C++17 (Ubuntu 11.3.0-1ubuntu1~22.04.1) version 11.3.0 (x86_64-linux-gnu)]
  ignore line: [	compiled by GNU C version 11.3.0  GMP version 6.2.1  MPFR version 4.1.0  MPC version 1.2.1  isl version isl-0.24-GMP]
  ignore line: []
  ignore line: [GGC heuristics: --param ggc-min-expand=100 --param ggc-min-heapsize=131072]
  ignore line: [Compiler executable checksum: 2b9b53ff7f3a6952e2fe60119c16be53]
  ignore line: [COLLECT_GCC_OPTIONS='-v' '-o' 'CMakeFiles/cmTC_6db8f.dir/CMakeCXXCompilerABI.cpp.o' '-c' '-shared-libgcc' '-mtune=generic' '-march=x86-64' '-dumpdir' 'CMakeFiles/cmTC_6db8f.dir/']
  ignore line: [ as -v --64 -o CMakeFiles/cmTC_6db8f.dir/CMakeCXXCompilerABI.cpp.o /tmp/ccCjqRN6.s]
  ignore line: [GNU assembler version 2.38 (x86_64-linux-gnu) using BFD version (GNU Binutils for Ubuntu) 2.38]
  ignore line: [COMPILER_PATH=/usr/lib/gcc/x86_64-linux-gnu/11/:/usr/lib/gcc/x86_64-linux-gnu/11/:/usr/lib/gcc/x86_64-linux-gnu/:/usr/lib/gcc/x86_64-linux-gnu/11/:/usr/lib/gcc/x86_64-linux-gnu/]
  ignore line: [LIBRARY_PATH=/usr/lib/gcc/x86_64-linux-gnu/11/:/usr/lib/gcc/x86_64-linux-gnu/11/../../../x86_64-linux-gnu/:/usr/lib/gcc/x86_64-linux-gnu/11/../../../../lib/:/lib/x86_64-linux-gnu/:/lib/../lib/:/usr/lib/x86_64-linux-gnu/:/usr/lib/../lib/:/usr/lib/gcc/x86_64-linux-gnu/11/../../../:/lib/:/usr/lib/]
  ignore line: [COLLECT_GCC_OPTIONS='-v' '-o' 'CMakeFiles/cmTC_6db8f.dir/CMakeCXXCompilerABI.cpp.o' '-c' '-shared-libgcc' '-mtune=generic' '-march=x86-64' '-dumpdir' 'CMakeFiles/cmTC_6db8f.dir/CMakeCXXCompilerABI.cpp.']
  ignore line: [Linking CXX executable cmTC_6db8f]
  ignore line: [/usr/bin/cmake -E cmake_link_script CMakeFiles/cmTC_6db8f.dir/link.txt --verbose=1]
  ignore line: [/usr/bin/c++  -v CMakeFiles/cmTC_6db8f.dir/CMakeCXXCompilerABI.cpp.o -o cmTC_6db8f ]
  ignore line: [Using built-in specs.]
  ignore line: [COLLECT_GCC=/usr/bin/c++]
  ignore line: [COLLECT_LTO_WRAPPER=/usr/lib/gcc/x86_64-linux-gnu/11/lto-wrapper]
  ignore line: [OFFLOAD_TARGET_NAMES=nvptx-none:amdgcn-amdhsa]
  ignore line: [OFFLOAD_TARGET_DEFAULT=1]
  ignore line: [Target: x86_64-linux-gnu]
  ignore line: [Configured with: ../src/configure -v --with-pkgversion='Ubuntu 11.3.0-1ubuntu1~22.04.1' --with-bugurl=file:///usr/share/doc/gcc-11/README.Bugs --enable-languages=c ada c++ go brig d fortran objc obj-c++ m2 --prefix=/usr --with-gcc-major-version-only --program-suffix=-11 --program-prefix=x86_64-linux-gnu- --enable-shared --enable-linker-build-id --libexecdir=/usr/lib --without-included-gettext --enable-threads=posix --libdir=/usr/lib --enable-nls --enable-bootstrap --enable-clocale=gnu --enable-libstdcxx-debug --enable-libstdcxx-time=yes --with-default-libstdcxx-abi=new --enable-gnu-unique-object --disable-vtable-verify --enable-plugin --enable-default-pie --with-system-zlib --enable-libphobos-checking=release --with-target-system-zlib=auto --enable-objc-gc=auto --enable-multiarch --disable-werror --enable-cet --with-arch-32=i686 --with-abi=m64 --with-multilib-list=m32 m64 mx32 --enable-multilib --with-tune=generic --enable-offload-targets=nvptx-none=/build/gcc-11-aYxV0E/gcc-11-11.3.0/debian/tmp-nvptx/usr amdgcn-amdhsa=/build/gcc-11-aYxV0E/gcc-11-11.3.0/debian/tmp-gcn/usr --without-cuda-driver --enable-checking=release --build=x86_64-linux-gnu --host=x86_64-linux-gnu --target=x86_64-linux-gnu --with-build-config=bootstrap-lto-lean --enable-link-serialization=2]
  ignore line: [Thread model: posix]
  ignore line: [Supported LTO compression algorithms: zlib zstd]
  ignore line: [gcc version 11.3.0 (Ubuntu 11.3.0-1ubuntu1~22.04.1) ]
  ignore line: [COMPILER_PATH=/usr/lib/gcc/x86_64-linux-gnu/11/:/usr/lib/gcc/x86_64-linux-gnu/11/:/usr/lib/gcc/x86_64-linux-gnu/:/usr/lib/gcc/x86_64-linux-gnu/11/:/usr/lib/gcc/x86_64-linux-gnu/]
  ignore line: [LIBRARY_PATH=/usr/lib/gcc/x86_64-linux-gnu/11/:/usr/lib/gcc/x86_64-linux-gnu/11/../../../x86_64-linux-gnu/:/usr/lib/gcc/x86_64-linux-gnu/11/../../../../lib/:/lib/x86_64-linux-gnu/:/lib/../lib/:/usr/lib/x86_64-linux-gnu/:/usr/lib/../lib/:/usr/lib/gcc/x86_64-linux-gnu/11/../../../:/lib/:/usr/lib/]
  ignore line: [COLLECT_GCC_OPTIONS='-v' '-o' 'cmTC_6db8f' '-shared-libgcc' '-mtune=generic' '-march=x86-64' '-dumpdir' 'cmTC_6db8f.']
  link line: [ /usr/lib/gcc/x86_64-linux-gnu/11/collect2 -plugin /usr/lib/gcc/x86_64-linux-gnu/11/liblto_plugin.so -plugin-opt=/usr/lib/gcc/x86_64-linux-gnu/11/lto-wrapper -plugin-opt=-fresolution=/tmp/cckpM4T0.res -plugin-opt=-pass-through=-lgcc_s -plugin-opt=-pass-through=-lgcc -plugin-opt=-pass-through=-lc -plugin-opt=-pass-through=-lgcc_s -plugin-opt=-pass-through=-lgcc --build-id --eh-frame-hdr -m elf_x86_64 --hash-style=gnu --as-needed -dynamic-linker /lib64/ld-linux-x86-64.so.2 -pie -z now -z relro -o cmTC_6db8f /usr/lib/gcc/x86_64-linux-gnu/11/../../../x86_64-linux-gnu/Scrt1.o /usr/lib/gcc/x86_64-linux-gnu/11/../../../x86_64-linux-gnu/crti.o /usr/lib/gcc/x86_64-linux-gnu/11/crtbeginS.o -L/usr/lib/gcc/x86_64-linux-gnu/11 -L/usr/lib/gcc/x86_64-linux-gnu/11/../../../x86_64-linux-gnu -L/usr/lib/gcc/x86_64-linux-gnu/11/../../../../lib -L/lib/x86_64-linux-gnu -L/lib/../lib -L/usr/lib/x86_64-linux-gnu -L/usr/lib/../lib -L/usr/lib/gcc/x86_64-linux-gnu/11/../../.. CMakeFiles/cmTC_6db8f.dir/CMakeCXXCompilerABI.cpp.o -lstdc++ -lm -lgcc_s -lgcc -lc -lgcc_s -lgcc /usr/lib/gcc/x86_64-linux-gnu/11/crtendS.o /usr/lib/gcc/x86_64-linux-gnu/11/../../../x86_64-linux-gnu/crtn.o]
    arg [/usr/lib/gcc/x86_64-linux-gnu/11/collect2] ==> ignore
    arg [-plugin] ==> ignore
    arg [/usr/lib/gcc/x86_64-linux-gnu/11/liblto_plugin.so] ==> ignore
    arg [-plugin-opt=/usr/lib/gcc/x86_64-linux-gnu/11/lto-wrapper] ==> ignore
    arg [-plugin-opt=-fresolution=/tmp/cckpM4T0.res] ==> ignore
    arg [-plugin-opt=-pass-through=-lgcc_s] ==> ignore
    arg [-plugin-opt=-pass-through=-lgcc] ==> ignore
    arg [-plugin-opt=-pass-through=-lc] ==> ignore
    arg [-plugin-opt=-pass-through=-lgcc_s] ==> ignore
    arg [-plugin-opt=-pass-through=-lgcc] ==> ignore
    arg [--build-id] ==> ignore
    arg [--eh-frame-hdr] ==> ignore
    arg [-m] ==> ignore
    arg [elf_x86_64] ==> ignore
    arg [--hash-style=gnu] ==> ignore
    arg [--as-needed] ==> ignore
    arg [-dynamic-linker] ==> ignore
    arg [/lib64/ld-linux-x86-64.so.2] ==> ignore
    arg [-pie] ==> ignore
    arg [-znow] ==> ignore
    arg [-zrelro] ==> ignore
    arg [-o] ==> ignore
    arg [cmTC_6db8f] ==> ignore
    arg [/usr/lib/gcc/x86_64-linux-gnu/11/../../../x86_64-linux-gnu/Scrt1.o] ==> obj [/usr/lib/gcc/x86_64-linux-gnu/11/../../../x86_64-linux-gnu/Scrt1.o]
    arg [/usr/lib/gcc/x86_64-linux-gnu/11/../../../x86_64-linux-gnu/crti.o] ==> obj [/usr/lib/gcc/x86_64-linux-gnu/11/../../../x86_64-linux-gnu/crti.o]
    arg [/usr/lib/gcc/x86_64-linux-gnu/11/crtbeginS.o] ==> obj [/usr/lib/gcc/x86_64-linux-gnu/11/crtbeginS.o]
    arg [-L/usr/lib/gcc/x86_64-linux-gnu/11] ==> dir [/usr/lib/gcc/x86_64-linux-gnu/11]
    arg [-L/usr/lib/gcc/x86_64-linux-gnu/11/../../../x86_64-linux-gnu] ==> dir [/usr/lib/gcc/x86_64-linux-gnu/11/../../../x86_64-linux-gnu]
    arg [-L/usr/lib/gcc/x86_64-linux-gnu/11/../../../../lib] ==> dir [/usr/lib/gcc/x86_64-linux-gnu/11/../../../../lib]
    arg [-L/lib/x86_64-linux-gnu] ==> dir [/lib/x86_64-linux-gnu]
    arg [-L/lib/../lib] ==> dir [/lib/../lib]
    arg [-L/usr/lib/x86_64-linux-gnu] ==> dir [/usr/lib/x86_64-linux-gnu]
    arg [-L/usr/lib/../lib] ==> dir [/usr/lib/../lib]
    arg [-L/usr/lib/gcc/x86_64-linux-gnu/11/../../..] ==> dir [/usr/lib/gcc/x86_64-linux-gnu/11/../../..]
    arg [CMakeFiles/cmTC_6db8f.dir/CMakeCXXCompilerABI.cpp.o] ==> ignore
    arg [-lstdc++] ==> lib [stdc++]
    arg [-lm] ==> lib [m]
    arg [-lgcc_s] ==> lib [gcc_s]
    arg [-lgcc] ==> lib [gcc]
    arg [-lc] ==> lib [c]
    arg [-lgcc_s] ==> lib [gcc_s]
    arg [-lgcc] ==> lib [gcc]
    arg [/usr/lib/gcc/x86_64-linux-gnu/11/crtendS.o] ==> obj [/usr/lib/gcc/x86_64-linux-gnu/11/crtendS.o]
    arg [/usr/lib/gcc/x86_64-linux-gnu/11/../../../x86_64-linux-gnu/crtn.o] ==> obj [/usr/lib/gcc/x86_64-linux-gnu/11/../../../x86_64-linux-gnu/crtn.o]
  collapse obj [/usr/lib/gcc/x86_64-linux-gnu/11/../../../x86_64-linux-gnu/Scrt1.o] ==> [/usr/lib/x86_64-linux-gnu/Scrt1.o]
  collapse obj [/usr/lib/gcc/x86_64-linux-gnu/11/../../../x86_64-linux-gnu/crti.o] ==> [/usr/lib/x86_64-linux-gnu/crti.o]
  collapse obj [/usr/lib/gcc/x86_64-linux-gnu/11/../../../x86_64-linux-gnu/crtn.o] ==> [/usr/lib/x86_64-linux-gnu/crtn.o]
  collapse library dir [/usr/lib/gcc/x86_64-linux-gnu/11] ==> [/usr/lib/gcc/x86_64-linux-gnu/11]
  collapse library dir [/usr/lib/gcc/x86_64-linux-gnu/11/../../../x86_64-linux-gnu] ==> [/usr/lib/x86_64-linux-gnu]
  collapse library dir [/usr/lib/gcc/x86_64-linux-gnu/11/../../../../lib] ==> [/usr/lib]
  collapse library dir [/lib/x86_64-linux-gnu] ==> [/lib/x86_64-linux-gnu]
  collapse library dir [/lib/../lib] ==> [/lib]
  collapse library dir [/usr/lib/x86_64-linux-gnu] ==> [/usr/lib/x86_64-linux-gnu]
  collapse library dir [/usr/lib/../lib] ==> [/usr/lib]
  collapse library dir [/usr/lib/gcc/x86_64-linux-gnu/11/../../..] ==> [/usr/lib]
  implicit libs: [stdc++;m;gcc_s;gcc;c;gcc_s;gcc]
  implicit objs: [/usr/lib/x86_64-linux-gnu/Scrt1.o;/usr/lib/x86_64-linux-gnu/crti.o;/usr/lib/gcc/x86_64-linux-gnu/11/crtbeginS.o;/usr/lib/gcc/x86_64-linux-gnu/11/crtendS.o;/usr/lib/x86_64-linux-gnu/crtn.o]
  implicit dirs: [/usr/lib/gcc/x86_64-linux-gnu/11;/usr/lib/x86_64-linux-gnu;/usr/lib;/lib/x86_64-linux-gnu;/lib]
  implicit fwks: []


Determining if the include file pthread.h exists passed with the following output:
Change Dir: /home/agilex/agilex_ws/build/glog/CMakeFiles/CMakeTmp

Run Build Command(s):/usr/bin/gmake -f Makefile cmTC_dca26/fast && /usr/bin/gmake  -f CMakeFiles/cmTC_dca26.dir/build.make CMakeFiles/cmTC_dca26.dir/build
gmake[1]: Entering directory '/home/agilex/agilex_ws/build/glog/CMakeFiles/CMakeTmp'
Building CXX object CMakeFiles/cmTC_dca26.dir/CheckIncludeFile.cxx.o
/usr/bin/c++   -fPIE -o CMakeFiles/cmTC_dca26.dir/CheckIncludeFile.cxx.o -c /home/agilex/agilex_ws/build/glog/CMakeFiles/CMakeTmp/CheckIncludeFile.cxx
Linking CXX executable cmTC_dca26
/usr/bin/cmake -E cmake_link_script CMakeFiles/cmTC_dca26.dir/link.txt --verbose=1
/usr/bin/c++ CMakeFiles/cmTC_dca26.dir/CheckIncludeFile.cxx.o -o cmTC_dca26 
gmake[1]: Leaving directory '/home/agilex/agilex_ws/build/glog/CMakeFiles/CMakeTmp'



Performing C++ SOURCE FILE Test CMAKE_HAVE_LIBC_PTHREAD succeeded with the following output:
Change Dir: /home/agilex/agilex_ws/build/glog/CMakeFiles/CMakeTmp

Run Build Command(s):/usr/bin/gmake -f Makefile cmTC_e879c/fast && /usr/bin/gmake  -f CMakeFiles/cmTC_e879c.dir/build.make CMakeFiles/cmTC_e879c.dir/build
gmake[1]: Entering directory '/home/agilex/agilex_ws/build/glog/CMakeFiles/CMakeTmp'
Building CXX object CMakeFiles/cmTC_e879c.dir/src.cxx.o
/usr/bin/c++ -DCMAKE_HAVE_LIBC_PTHREAD  -fPIE -o CMakeFiles/cmTC_e879c.dir/src.cxx.o -c /home/agilex/agilex_ws/build/glog/CMakeFiles/CMakeTmp/src.cxx
Linking CXX executable cmTC_e879c
/usr/bin/cmake -E cmake_link_script CMakeFiles/cmTC_e879c.dir/link.txt --verbose=1
/usr/bin/c++ CMakeFiles/cmTC_e879c.dir/src.cxx.o -o cmTC_e879c 
gmake[1]: Leaving directory '/home/agilex/agilex_ws/build/glog/CMakeFiles/CMakeTmp'


Source file was:
#include <pthread.h>

static void* test_func(void* data)
{
  return data;
}

int main(void)
{
  pthread_t thread;
  pthread_create(&thread, NULL, test_func, NULL);
  pthread_detach(thread);
  pthread_cancel(thread);
  pthread_join(thread, NULL);
  pthread_atfork(NULL, NULL, NULL);
  pthread_exit(NULL);

  return 0;
}

Determining the gflags namespace passed with the following output:
Change Dir: /home/agilex/agilex_ws/build/glog/CMakeFiles/CMakeTmp

Run Build Command(s):/usr/bin/gmake -f Makefile cmTC_d61d6/fast && /usr/bin/gmake  -f CMakeFiles/cmTC_d61d6.dir/build.make CMakeFiles/cmTC_d61d6.dir/build
gmake[1]: Entering directory '/home/agilex/agilex_ws/build/glog/CMakeFiles/CMakeTmp'
Building CXX object CMakeFiles/cmTC_d61d6.dir/DetermineGflagsNamespace.cxx.o
/usr/bin/c++ -DGFLAGS_IS_A_DLL=0 -DGLOG_GFLAGS_NAMESPACE=gflags  -fPIE -o CMakeFiles/cmTC_d61d6.dir/DetermineGflagsNamespace.cxx.o -c /home/agilex/agilex_ws/build/glog/CMakeFiles/CMakeTmp/DetermineGflagsNamespace.cxx
Linking CXX executable cmTC_d61d6
/usr/bin/cmake -E cmake_link_script CMakeFiles/cmTC_d61d6.dir/link.txt --verbose=1
/usr/bin/c++ CMakeFiles/cmTC_d61d6.dir/DetermineGflagsNamespace.cxx.o -o cmTC_d61d6  /usr/lib/x86_64-linux-gnu/libgflags.so.2.2.2 -lpthread 
gmake[1]: Leaving directory '/home/agilex/agilex_ws/build/glog/CMakeFiles/CMakeTmp'



Determining if the include file dlfcn.h exists passed with the following output:
Change Dir: /home/agilex/agilex_ws/build/glog/CMakeFiles/CMakeTmp

Run Build Command(s):/usr/bin/gmake -f Makefile cmTC_2b014/fast && /usr/bin/gmake  -f CMakeFiles/cmTC_2b014.dir/build.make CMakeFiles/cmTC_2b014.dir/build
gmake[1]: Entering directory '/home/agilex/agilex_ws/build/glog/CMakeFiles/CMakeTmp'
Building CXX object CMakeFiles/cmTC_2b014.dir/CheckIncludeFile.cxx.o
/usr/bin/c++   -fPIE -o CMakeFiles/cmTC_2b014.dir/CheckIncludeFile.cxx.o -c /home/agilex/agilex_ws/build/glog/CMakeFiles/CMakeTmp/CheckIncludeFile.cxx
Linking CXX executable cmTC_2b014
/usr/bin/cmake -E cmake_link_script CMakeFiles/cmTC_2b014.dir/link.txt --verbose=1
/usr/bin/c++ CMakeFiles/cmTC_2b014.dir/CheckIncludeFile.cxx.o -o cmTC_2b014 
gmake[1]: Leaving directory '/home/agilex/agilex_ws/build/glog/CMakeFiles/CMakeTmp'



Determining if the include file execinfo.h exists passed with the following output:
Change Dir: /home/agilex/agilex_ws/build/glog/CMakeFiles/CMakeTmp

Run Build Command(s):/usr/bin/gmake -f Makefile cmTC_f904a/fast && /usr/bin/gmake  -f CMakeFiles/cmTC_f904a.dir/build.make CMakeFiles/cmTC_f904a.dir/build
gmake[1]: Entering directory '/home/agilex/agilex_ws/build/glog/CMakeFiles/CMakeTmp'
Building CXX object CMakeFiles/cmTC_f904a.dir/CheckIncludeFile.cxx.o
/usr/bin/c++   -fPIE -o CMakeFiles/cmTC_f904a.dir/CheckIncludeFile.cxx.o -c /home/agilex/agilex_ws/build/glog/CMakeFiles/CMakeTmp/CheckIncludeFile.cxx
Linking CXX executable cmTC_f904a
/usr/bin/cmake -E cmake_link_script CMakeFiles/cmTC_f904a.dir/link.txt --verbose=1
/usr/bin/c++ CMakeFiles/cmTC_f904a.dir/CheckIncludeFile.cxx.o -o cmTC_f904a 
gmake[1]: Leaving directory '/home/agilex/agilex_ws/build/glog/CMakeFiles/CMakeTmp'



Determining if the include file glob.h exists passed with the following output:
Change Dir: /home/agilex/agilex_ws/build/glog/CMakeFiles/CMakeTmp

Run Build Command(s):/usr/bin/gmake -f Makefile cmTC_8117e/fast && /usr/bin/gmake  -f CMakeFiles/cmTC_8117e.dir/build.make CMakeFiles/cmTC_8117e.dir/build
gmake[1]: Entering directory '/home/agilex/agilex_ws/build/glog/CMakeFiles/CMakeTmp'
Building CXX object CMakeFiles/cmTC_8117e.dir/CheckIncludeFile.cxx.o
/usr/bin/c++   -fPIE -o CMakeFiles/cmTC_8117e.dir/CheckIncludeFile.cxx.o -c /home/agilex/agilex_ws/build/glog/CMakeFiles/CMakeTmp/CheckIncludeFile.cxx
Linking CXX executable cmTC_8117e
/usr/bin/cmake -E cmake_link_script CMakeFiles/cmTC_8117e.dir/link.txt --verbose=1
/usr/bin/c++ CMakeFiles/cmTC_8117e.dir/CheckIncludeFile.cxx.o -o cmTC_8117e 
gmake[1]: Leaving directory '/home/agilex/agilex_ws/build/glog/CMakeFiles/CMakeTmp'



Determining if the include file inttypes.h exists passed with the following output:
Change Dir: /home/agilex/agilex_ws/build/glog/CMakeFiles/CMakeTmp

Run Build Command(s):/usr/bin/gmake -f Makefile cmTC_45dc4/fast && /usr/bin/gmake  -f CMakeFiles/cmTC_45dc4.dir/build.make CMakeFiles/cmTC_45dc4.dir/build
gmake[1]: Entering directory '/home/agilex/agilex_ws/build/glog/CMakeFiles/CMakeTmp'
Building CXX object CMakeFiles/cmTC_45dc4.dir/CheckIncludeFile.cxx.o
/usr/bin/c++   -fPIE -o CMakeFiles/cmTC_45dc4.dir/CheckIncludeFile.cxx.o -c /home/agilex/agilex_ws/build/glog/CMakeFiles/CMakeTmp/CheckIncludeFile.cxx
Linking CXX executable cmTC_45dc4
/usr/bin/cmake -E cmake_link_script CMakeFiles/cmTC_45dc4.dir/link.txt --verbose=1
/usr/bin/c++ CMakeFiles/cmTC_45dc4.dir/CheckIncludeFile.cxx.o -o cmTC_45dc4 
gmake[1]: Leaving directory '/home/agilex/agilex_ws/build/glog/CMakeFiles/CMakeTmp'



Determining if the include file memory.h exists passed with the following output:
Change Dir: /home/agilex/agilex_ws/build/glog/CMakeFiles/CMakeTmp

Run Build Command(s):/usr/bin/gmake -f Makefile cmTC_b8e95/fast && /usr/bin/gmake  -f CMakeFiles/cmTC_b8e95.dir/build.make CMakeFiles/cmTC_b8e95.dir/build
gmake[1]: Entering directory '/home/agilex/agilex_ws/build/glog/CMakeFiles/CMakeTmp'
Building CXX object CMakeFiles/cmTC_b8e95.dir/CheckIncludeFile.cxx.o
/usr/bin/c++   -fPIE -o CMakeFiles/cmTC_b8e95.dir/CheckIncludeFile.cxx.o -c /home/agilex/agilex_ws/build/glog/CMakeFiles/CMakeTmp/CheckIncludeFile.cxx
Linking CXX executable cmTC_b8e95
/usr/bin/cmake -E cmake_link_script CMakeFiles/cmTC_b8e95.dir/link.txt --verbose=1
/usr/bin/c++ CMakeFiles/cmTC_b8e95.dir/CheckIncludeFile.cxx.o -o cmTC_b8e95 
gmake[1]: Leaving directory '/home/agilex/agilex_ws/build/glog/CMakeFiles/CMakeTmp'



Determining if the include file pwd.h exists passed with the following output:
Change Dir: /home/agilex/agilex_ws/build/glog/CMakeFiles/CMakeTmp

Run Build Command(s):/usr/bin/gmake -f Makefile cmTC_fea15/fast && /usr/bin/gmake  -f CMakeFiles/cmTC_fea15.dir/build.make CMakeFiles/cmTC_fea15.dir/build
gmake[1]: Entering directory '/home/agilex/agilex_ws/build/glog/CMakeFiles/CMakeTmp'
Building CXX object CMakeFiles/cmTC_fea15.dir/CheckIncludeFile.cxx.o
/usr/bin/c++   -fPIE -o CMakeFiles/cmTC_fea15.dir/CheckIncludeFile.cxx.o -c /home/agilex/agilex_ws/build/glog/CMakeFiles/CMakeTmp/CheckIncludeFile.cxx
Linking CXX executable cmTC_fea15
/usr/bin/cmake -E cmake_link_script CMakeFiles/cmTC_fea15.dir/link.txt --verbose=1
/usr/bin/c++ CMakeFiles/cmTC_fea15.dir/CheckIncludeFile.cxx.o -o cmTC_fea15 
gmake[1]: Leaving directory '/home/agilex/agilex_ws/build/glog/CMakeFiles/CMakeTmp'



Determining if the include file stdint.h exists passed with the following output:
Change Dir: /home/agilex/agilex_ws/build/glog/CMakeFiles/CMakeTmp

Run Build Command(s):/usr/bin/gmake -f Makefile cmTC_1180f/fast && /usr/bin/gmake  -f CMakeFiles/cmTC_1180f.dir/build.make CMakeFiles/cmTC_1180f.dir/build
gmake[1]: Entering directory '/home/agilex/agilex_ws/build/glog/CMakeFiles/CMakeTmp'
Building CXX object CMakeFiles/cmTC_1180f.dir/CheckIncludeFile.cxx.o
/usr/bin/c++   -fPIE -o CMakeFiles/cmTC_1180f.dir/CheckIncludeFile.cxx.o -c /home/agilex/agilex_ws/build/glog/CMakeFiles/CMakeTmp/CheckIncludeFile.cxx
Linking CXX executable cmTC_1180f
/usr/bin/cmake -E cmake_link_script CMakeFiles/cmTC_1180f.dir/link.txt --verbose=1
/usr/bin/c++ CMakeFiles/cmTC_1180f.dir/CheckIncludeFile.cxx.o -o cmTC_1180f 
gmake[1]: Leaving directory '/home/agilex/agilex_ws/build/glog/CMakeFiles/CMakeTmp'



Determining if the include file strings.h exists passed with the following output:
Change Dir: /home/agilex/agilex_ws/build/glog/CMakeFiles/CMakeTmp

Run Build Command(s):/usr/bin/gmake -f Makefile cmTC_2a34b/fast && /usr/bin/gmake  -f CMakeFiles/cmTC_2a34b.dir/build.make CMakeFiles/cmTC_2a34b.dir/build
gmake[1]: Entering directory '/home/agilex/agilex_ws/build/glog/CMakeFiles/CMakeTmp'
Building CXX object CMakeFiles/cmTC_2a34b.dir/CheckIncludeFile.cxx.o
/usr/bin/c++   -fPIE -o CMakeFiles/cmTC_2a34b.dir/CheckIncludeFile.cxx.o -c /home/agilex/agilex_ws/build/glog/CMakeFiles/CMakeTmp/CheckIncludeFile.cxx
Linking CXX executable cmTC_2a34b
/usr/bin/cmake -E cmake_link_script CMakeFiles/cmTC_2a34b.dir/link.txt --verbose=1
/usr/bin/c++ CMakeFiles/cmTC_2a34b.dir/CheckIncludeFile.cxx.o -o cmTC_2a34b 
gmake[1]: Leaving directory '/home/agilex/agilex_ws/build/glog/CMakeFiles/CMakeTmp'



Determining if the include file sys/stat.h exists passed with the following output:
Change Dir: /home/agilex/agilex_ws/build/glog/CMakeFiles/CMakeTmp

Run Build Command(s):/usr/bin/gmake -f Makefile cmTC_c886c/fast && /usr/bin/gmake  -f CMakeFiles/cmTC_c886c.dir/build.make CMakeFiles/cmTC_c886c.dir/build
gmake[1]: Entering directory '/home/agilex/agilex_ws/build/glog/CMakeFiles/CMakeTmp'
Building CXX object CMakeFiles/cmTC_c886c.dir/CheckIncludeFile.cxx.o
/usr/bin/c++   -fPIE -o CMakeFiles/cmTC_c886c.dir/CheckIncludeFile.cxx.o -c /home/agilex/agilex_ws/build/glog/CMakeFiles/CMakeTmp/CheckIncludeFile.cxx
Linking CXX executable cmTC_c886c
/usr/bin/cmake -E cmake_link_script CMakeFiles/cmTC_c886c.dir/link.txt --verbose=1
/usr/bin/c++ CMakeFiles/cmTC_c886c.dir/CheckIncludeFile.cxx.o -o cmTC_c886c 
gmake[1]: Leaving directory '/home/agilex/agilex_ws/build/glog/CMakeFiles/CMakeTmp'



Determining if the include file sys/syscall.h exists passed with the following output:
Change Dir: /home/agilex/agilex_ws/build/glog/CMakeFiles/CMakeTmp

Run Build Command(s):/usr/bin/gmake -f Makefile cmTC_31407/fast && /usr/bin/gmake  -f CMakeFiles/cmTC_31407.dir/build.make CMakeFiles/cmTC_31407.dir/build
gmake[1]: Entering directory '/home/agilex/agilex_ws/build/glog/CMakeFiles/CMakeTmp'
Building CXX object CMakeFiles/cmTC_31407.dir/CheckIncludeFile.cxx.o
/usr/bin/c++   -fPIE -o CMakeFiles/cmTC_31407.dir/CheckIncludeFile.cxx.o -c /home/agilex/agilex_ws/build/glog/CMakeFiles/CMakeTmp/CheckIncludeFile.cxx
Linking CXX executable cmTC_31407
/usr/bin/cmake -E cmake_link_script CMakeFiles/cmTC_31407.dir/link.txt --verbose=1
/usr/bin/c++ CMakeFiles/cmTC_31407.dir/CheckIncludeFile.cxx.o -o cmTC_31407 
gmake[1]: Leaving directory '/home/agilex/agilex_ws/build/glog/CMakeFiles/CMakeTmp'



Determining if the include file sys/time.h exists passed with the following output:
Change Dir: /home/agilex/agilex_ws/build/glog/CMakeFiles/CMakeTmp

Run Build Command(s):/usr/bin/gmake -f Makefile cmTC_4b2fc/fast && /usr/bin/gmake  -f CMakeFiles/cmTC_4b2fc.dir/build.make CMakeFiles/cmTC_4b2fc.dir/build
gmake[1]: Entering directory '/home/agilex/agilex_ws/build/glog/CMakeFiles/CMakeTmp'
Building CXX object CMakeFiles/cmTC_4b2fc.dir/CheckIncludeFile.cxx.o
/usr/bin/c++   -fPIE -o CMakeFiles/cmTC_4b2fc.dir/CheckIncludeFile.cxx.o -c /home/agilex/agilex_ws/build/glog/CMakeFiles/CMakeTmp/CheckIncludeFile.cxx
Linking CXX executable cmTC_4b2fc
/usr/bin/cmake -E cmake_link_script CMakeFiles/cmTC_4b2fc.dir/link.txt --verbose=1
/usr/bin/c++ CMakeFiles/cmTC_4b2fc.dir/CheckIncludeFile.cxx.o -o cmTC_4b2fc 
gmake[1]: Leaving directory '/home/agilex/agilex_ws/build/glog/CMakeFiles/CMakeTmp'



Determining if the include file sys/types.h exists passed with the following output:
Change Dir: /home/agilex/agilex_ws/build/glog/CMakeFiles/CMakeTmp

Run Build Command(s):/usr/bin/gmake -f Makefile cmTC_5c25b/fast && /usr/bin/gmake  -f CMakeFiles/cmTC_5c25b.dir/build.make CMakeFiles/cmTC_5c25b.dir/build
gmake[1]: Entering directory '/home/agilex/agilex_ws/build/glog/CMakeFiles/CMakeTmp'
Building CXX object CMakeFiles/cmTC_5c25b.dir/CheckIncludeFile.cxx.o
/usr/bin/c++   -fPIE -o CMakeFiles/cmTC_5c25b.dir/CheckIncludeFile.cxx.o -c /home/agilex/agilex_ws/build/glog/CMakeFiles/CMakeTmp/CheckIncludeFile.cxx
Linking CXX executable cmTC_5c25b
/usr/bin/cmake -E cmake_link_script CMakeFiles/cmTC_5c25b.dir/link.txt --verbose=1
/usr/bin/c++ CMakeFiles/cmTC_5c25b.dir/CheckIncludeFile.cxx.o -o cmTC_5c25b 
gmake[1]: Leaving directory '/home/agilex/agilex_ws/build/glog/CMakeFiles/CMakeTmp'



Determining if the include file sys/utsname.h exists passed with the following output:
Change Dir: /home/agilex/agilex_ws/build/glog/CMakeFiles/CMakeTmp

Run Build Command(s):/usr/bin/gmake -f Makefile cmTC_a7889/fast && /usr/bin/gmake  -f CMakeFiles/cmTC_a7889.dir/build.make CMakeFiles/cmTC_a7889.dir/build
gmake[1]: Entering directory '/home/agilex/agilex_ws/build/glog/CMakeFiles/CMakeTmp'
Building CXX object CMakeFiles/cmTC_a7889.dir/CheckIncludeFile.cxx.o
/usr/bin/c++   -fPIE -o CMakeFiles/cmTC_a7889.dir/CheckIncludeFile.cxx.o -c /home/agilex/agilex_ws/build/glog/CMakeFiles/CMakeTmp/CheckIncludeFile.cxx
Linking CXX executable cmTC_a7889
/usr/bin/cmake -E cmake_link_script CMakeFiles/cmTC_a7889.dir/link.txt --verbose=1
/usr/bin/c++ CMakeFiles/cmTC_a7889.dir/CheckIncludeFile.cxx.o -o cmTC_a7889 
gmake[1]: Leaving directory '/home/agilex/agilex_ws/build/glog/CMakeFiles/CMakeTmp'



Determining if the include file sys/wait.h exists passed with the following output:
Change Dir: /home/agilex/agilex_ws/build/glog/CMakeFiles/CMakeTmp

Run Build Command(s):/usr/bin/gmake -f Makefile cmTC_917cd/fast && /usr/bin/gmake  -f CMakeFiles/cmTC_917cd.dir/build.make CMakeFiles/cmTC_917cd.dir/build
gmake[1]: Entering directory '/home/agilex/agilex_ws/build/glog/CMakeFiles/CMakeTmp'
Building CXX object CMakeFiles/cmTC_917cd.dir/CheckIncludeFile.cxx.o
/usr/bin/c++   -fPIE -o CMakeFiles/cmTC_917cd.dir/CheckIncludeFile.cxx.o -c /home/agilex/agilex_ws/build/glog/CMakeFiles/CMakeTmp/CheckIncludeFile.cxx
Linking CXX executable cmTC_917cd
/usr/bin/cmake -E cmake_link_script CMakeFiles/cmTC_917cd.dir/link.txt --verbose=1
/usr/bin/c++ CMakeFiles/cmTC_917cd.dir/CheckIncludeFile.cxx.o -o cmTC_917cd 
gmake[1]: Leaving directory '/home/agilex/agilex_ws/build/glog/CMakeFiles/CMakeTmp'



Determining if the include file syscall.h exists passed with the following output:
Change Dir: /home/agilex/agilex_ws/build/glog/CMakeFiles/CMakeTmp

Run Build Command(s):/usr/bin/gmake -f Makefile cmTC_811f8/fast && /usr/bin/gmake  -f CMakeFiles/cmTC_811f8.dir/build.make CMakeFiles/cmTC_811f8.dir/build
gmake[1]: Entering directory '/home/agilex/agilex_ws/build/glog/CMakeFiles/CMakeTmp'
Building CXX object CMakeFiles/cmTC_811f8.dir/CheckIncludeFile.cxx.o
/usr/bin/c++   -fPIE -o CMakeFiles/cmTC_811f8.dir/CheckIncludeFile.cxx.o -c /home/agilex/agilex_ws/build/glog/CMakeFiles/CMakeTmp/CheckIncludeFile.cxx
Linking CXX executable cmTC_811f8
/usr/bin/cmake -E cmake_link_script CMakeFiles/cmTC_811f8.dir/link.txt --verbose=1
/usr/bin/c++ CMakeFiles/cmTC_811f8.dir/CheckIncludeFile.cxx.o -o cmTC_811f8 
gmake[1]: Leaving directory '/home/agilex/agilex_ws/build/glog/CMakeFiles/CMakeTmp'



Determining if the include file syslog.h exists passed with the following output:
Change Dir: /home/agilex/agilex_ws/build/glog/CMakeFiles/CMakeTmp

Run Build Command(s):/usr/bin/gmake -f Makefile cmTC_bdd93/fast && /usr/bin/gmake  -f CMakeFiles/cmTC_bdd93.dir/build.make CMakeFiles/cmTC_bdd93.dir/build
gmake[1]: Entering directory '/home/agilex/agilex_ws/build/glog/CMakeFiles/CMakeTmp'
Building CXX object CMakeFiles/cmTC_bdd93.dir/CheckIncludeFile.cxx.o
/usr/bin/c++   -fPIE -o CMakeFiles/cmTC_bdd93.dir/CheckIncludeFile.cxx.o -c /home/agilex/agilex_ws/build/glog/CMakeFiles/CMakeTmp/CheckIncludeFile.cxx
Linking CXX executable cmTC_bdd93
/usr/bin/cmake -E cmake_link_script CMakeFiles/cmTC_bdd93.dir/link.txt --verbose=1
/usr/bin/c++ CMakeFiles/cmTC_bdd93.dir/CheckIncludeFile.cxx.o -o cmTC_bdd93 
gmake[1]: Leaving directory '/home/agilex/agilex_ws/build/glog/CMakeFiles/CMakeTmp'



Determining if the include file ucontext.h exists passed with the following output:
Change Dir: /home/agilex/agilex_ws/build/glog/CMakeFiles/CMakeTmp

Run Build Command(s):/usr/bin/gmake -f Makefile cmTC_26041/fast && /usr/bin/gmake  -f CMakeFiles/cmTC_26041.dir/build.make CMakeFiles/cmTC_26041.dir/build
gmake[1]: Entering directory '/home/agilex/agilex_ws/build/glog/CMakeFiles/CMakeTmp'
Building CXX object CMakeFiles/cmTC_26041.dir/CheckIncludeFile.cxx.o
/usr/bin/c++   -fPIE -o CMakeFiles/cmTC_26041.dir/CheckIncludeFile.cxx.o -c /home/agilex/agilex_ws/build/glog/CMakeFiles/CMakeTmp/CheckIncludeFile.cxx
Linking CXX executable cmTC_26041
/usr/bin/cmake -E cmake_link_script CMakeFiles/cmTC_26041.dir/link.txt --verbose=1
/usr/bin/c++ CMakeFiles/cmTC_26041.dir/CheckIncludeFile.cxx.o -o cmTC_26041 
gmake[1]: Leaving directory '/home/agilex/agilex_ws/build/glog/CMakeFiles/CMakeTmp'



Determining if the include file unistd.h exists passed with the following output:
Change Dir: /home/agilex/agilex_ws/build/glog/CMakeFiles/CMakeTmp

Run Build Command(s):/usr/bin/gmake -f Makefile cmTC_210ca/fast && /usr/bin/gmake  -f CMakeFiles/cmTC_210ca.dir/build.make CMakeFiles/cmTC_210ca.dir/build
gmake[1]: Entering directory '/home/agilex/agilex_ws/build/glog/CMakeFiles/CMakeTmp'
Building CXX object CMakeFiles/cmTC_210ca.dir/CheckIncludeFile.cxx.o
/usr/bin/c++   -fPIE -o CMakeFiles/cmTC_210ca.dir/CheckIncludeFile.cxx.o -c /home/agilex/agilex_ws/build/glog/CMakeFiles/CMakeTmp/CheckIncludeFile.cxx
Linking CXX executable cmTC_210ca
/usr/bin/cmake -E cmake_link_script CMakeFiles/cmTC_210ca.dir/link.txt --verbose=1
/usr/bin/c++ CMakeFiles/cmTC_210ca.dir/CheckIncludeFile.cxx.o -o cmTC_210ca 
gmake[1]: Leaving directory '/home/agilex/agilex_ws/build/glog/CMakeFiles/CMakeTmp'



Determining if the include file ext/hash_map exists passed with the following output:
Change Dir: /home/agilex/agilex_ws/build/glog/CMakeFiles/CMakeTmp

Run Build Command(s):/usr/bin/gmake -f Makefile cmTC_00a4f/fast && /usr/bin/gmake  -f CMakeFiles/cmTC_00a4f.dir/build.make CMakeFiles/cmTC_00a4f.dir/build
gmake[1]: Entering directory '/home/agilex/agilex_ws/build/glog/CMakeFiles/CMakeTmp'
Building CXX object CMakeFiles/cmTC_00a4f.dir/CheckIncludeFile.cxx.o
/usr/bin/c++   -fPIE -o CMakeFiles/cmTC_00a4f.dir/CheckIncludeFile.cxx.o -c /home/agilex/agilex_ws/build/glog/CMakeFiles/CMakeTmp/CheckIncludeFile.cxx
In file included from /usr/include/c++/11/ext/hash_map:60,
                 from /home/agilex/agilex_ws/build/glog/CMakeFiles/CMakeTmp/CheckIncludeFile.cxx:1:
/usr/include/c++/11/backward/backward_warning.h:32:2: warning: #warning This file includes at least one deprecated or antiquated header which may be removed without further notice at a future date. Please use a non-deprecated interface with equivalent functionality instead. For a listing of replacement headers and interfaces, consult the file backward_warning.h. To disable this warning use -Wno-deprecated. [-Wcpp]
   32 | #warning \
      |  ^~~~~~~
Linking CXX executable cmTC_00a4f
/usr/bin/cmake -E cmake_link_script CMakeFiles/cmTC_00a4f.dir/link.txt --verbose=1
/usr/bin/c++ CMakeFiles/cmTC_00a4f.dir/CheckIncludeFile.cxx.o -o cmTC_00a4f 
gmake[1]: Leaving directory '/home/agilex/agilex_ws/build/glog/CMakeFiles/CMakeTmp'



Determining if the include file ext/hash_set exists passed with the following output:
Change Dir: /home/agilex/agilex_ws/build/glog/CMakeFiles/CMakeTmp

Run Build Command(s):/usr/bin/gmake -f Makefile cmTC_1903b/fast && /usr/bin/gmake  -f CMakeFiles/cmTC_1903b.dir/build.make CMakeFiles/cmTC_1903b.dir/build
gmake[1]: Entering directory '/home/agilex/agilex_ws/build/glog/CMakeFiles/CMakeTmp'
Building CXX object CMakeFiles/cmTC_1903b.dir/CheckIncludeFile.cxx.o
/usr/bin/c++   -fPIE -o CMakeFiles/cmTC_1903b.dir/CheckIncludeFile.cxx.o -c /home/agilex/agilex_ws/build/glog/CMakeFiles/CMakeTmp/CheckIncludeFile.cxx
In file included from /usr/include/c++/11/ext/hash_set:60,
                 from /home/agilex/agilex_ws/build/glog/CMakeFiles/CMakeTmp/CheckIncludeFile.cxx:1:
/usr/include/c++/11/backward/backward_warning.h:32:2: warning: #warning This file includes at least one deprecated or antiquated header which may be removed without further notice at a future date. Please use a non-deprecated interface with equivalent functionality instead. For a listing of replacement headers and interfaces, consult the file backward_warning.h. To disable this warning use -Wno-deprecated. [-Wcpp]
   32 | #warning \
      |  ^~~~~~~
Linking CXX executable cmTC_1903b
/usr/bin/cmake -E cmake_link_script CMakeFiles/cmTC_1903b.dir/link.txt --verbose=1
/usr/bin/c++ CMakeFiles/cmTC_1903b.dir/CheckIncludeFile.cxx.o -o cmTC_1903b 
gmake[1]: Leaving directory '/home/agilex/agilex_ws/build/glog/CMakeFiles/CMakeTmp'



Determining if the include file ext/slist exists passed with the following output:
Change Dir: /home/agilex/agilex_ws/build/glog/CMakeFiles/CMakeTmp

Run Build Command(s):/usr/bin/gmake -f Makefile cmTC_18b7b/fast && /usr/bin/gmake  -f CMakeFiles/cmTC_18b7b.dir/build.make CMakeFiles/cmTC_18b7b.dir/build
gmake[1]: Entering directory '/home/agilex/agilex_ws/build/glog/CMakeFiles/CMakeTmp'
Building CXX object CMakeFiles/cmTC_18b7b.dir/CheckIncludeFile.cxx.o
/usr/bin/c++   -fPIE -o CMakeFiles/cmTC_18b7b.dir/CheckIncludeFile.cxx.o -c /home/agilex/agilex_ws/build/glog/CMakeFiles/CMakeTmp/CheckIncludeFile.cxx
Linking CXX executable cmTC_18b7b
/usr/bin/cmake -E cmake_link_script CMakeFiles/cmTC_18b7b.dir/link.txt --verbose=1
/usr/bin/c++ CMakeFiles/cmTC_18b7b.dir/CheckIncludeFile.cxx.o -o cmTC_18b7b 
gmake[1]: Leaving directory '/home/agilex/agilex_ws/build/glog/CMakeFiles/CMakeTmp'



Determining if the include file tr1/unordered_map exists passed with the following output:
Change Dir: /home/agilex/agilex_ws/build/glog/CMakeFiles/CMakeTmp

Run Build Command(s):/usr/bin/gmake -f Makefile cmTC_af6db/fast && /usr/bin/gmake  -f CMakeFiles/cmTC_af6db.dir/build.make CMakeFiles/cmTC_af6db.dir/build
gmake[1]: Entering directory '/home/agilex/agilex_ws/build/glog/CMakeFiles/CMakeTmp'
Building CXX object CMakeFiles/cmTC_af6db.dir/CheckIncludeFile.cxx.o
/usr/bin/c++   -fPIE -o CMakeFiles/cmTC_af6db.dir/CheckIncludeFile.cxx.o -c /home/agilex/agilex_ws/build/glog/CMakeFiles/CMakeTmp/CheckIncludeFile.cxx
Linking CXX executable cmTC_af6db
/usr/bin/cmake -E cmake_link_script CMakeFiles/cmTC_af6db.dir/link.txt --verbose=1
/usr/bin/c++ CMakeFiles/cmTC_af6db.dir/CheckIncludeFile.cxx.o -o cmTC_af6db 
gmake[1]: Leaving directory '/home/agilex/agilex_ws/build/glog/CMakeFiles/CMakeTmp'



Determining if the include file tr1/unordered_set exists passed with the following output:
Change Dir: /home/agilex/agilex_ws/build/glog/CMakeFiles/CMakeTmp

Run Build Command(s):/usr/bin/gmake -f Makefile cmTC_bdda4/fast && /usr/bin/gmake  -f CMakeFiles/cmTC_bdda4.dir/build.make CMakeFiles/cmTC_bdda4.dir/build
gmake[1]: Entering directory '/home/agilex/agilex_ws/build/glog/CMakeFiles/CMakeTmp'
Building CXX object CMakeFiles/cmTC_bdda4.dir/CheckIncludeFile.cxx.o
/usr/bin/c++   -fPIE -o CMakeFiles/cmTC_bdda4.dir/CheckIncludeFile.cxx.o -c /home/agilex/agilex_ws/build/glog/CMakeFiles/CMakeTmp/CheckIncludeFile.cxx
Linking CXX executable cmTC_bdda4
/usr/bin/cmake -E cmake_link_script CMakeFiles/cmTC_bdda4.dir/link.txt --verbose=1
/usr/bin/c++ CMakeFiles/cmTC_bdda4.dir/CheckIncludeFile.cxx.o -o cmTC_bdda4 
gmake[1]: Leaving directory '/home/agilex/agilex_ws/build/glog/CMakeFiles/CMakeTmp'



Determining if the include file unordered_map exists passed with the following output:
Change Dir: /home/agilex/agilex_ws/build/glog/CMakeFiles/CMakeTmp

Run Build Command(s):/usr/bin/gmake -f Makefile cmTC_6fd79/fast && /usr/bin/gmake  -f CMakeFiles/cmTC_6fd79.dir/build.make CMakeFiles/cmTC_6fd79.dir/build
gmake[1]: Entering directory '/home/agilex/agilex_ws/build/glog/CMakeFiles/CMakeTmp'
Building CXX object CMakeFiles/cmTC_6fd79.dir/CheckIncludeFile.cxx.o
/usr/bin/c++   -fPIE -o CMakeFiles/cmTC_6fd79.dir/CheckIncludeFile.cxx.o -c /home/agilex/agilex_ws/build/glog/CMakeFiles/CMakeTmp/CheckIncludeFile.cxx
Linking CXX executable cmTC_6fd79
/usr/bin/cmake -E cmake_link_script CMakeFiles/cmTC_6fd79.dir/link.txt --verbose=1
/usr/bin/c++ CMakeFiles/cmTC_6fd79.dir/CheckIncludeFile.cxx.o -o cmTC_6fd79 
gmake[1]: Leaving directory '/home/agilex/agilex_ws/build/glog/CMakeFiles/CMakeTmp'



Determining if the include file unordered_set exists passed with the following output:
Change Dir: /home/agilex/agilex_ws/build/glog/CMakeFiles/CMakeTmp

Run Build Command(s):/usr/bin/gmake -f Makefile cmTC_92d01/fast && /usr/bin/gmake  -f CMakeFiles/cmTC_92d01.dir/build.make CMakeFiles/cmTC_92d01.dir/build
gmake[1]: Entering directory '/home/agilex/agilex_ws/build/glog/CMakeFiles/CMakeTmp'
Building CXX object CMakeFiles/cmTC_92d01.dir/CheckIncludeFile.cxx.o
/usr/bin/c++   -fPIE -o CMakeFiles/cmTC_92d01.dir/CheckIncludeFile.cxx.o -c /home/agilex/agilex_ws/build/glog/CMakeFiles/CMakeTmp/CheckIncludeFile.cxx
Linking CXX executable cmTC_92d01
/usr/bin/cmake -E cmake_link_script CMakeFiles/cmTC_92d01.dir/link.txt --verbose=1
/usr/bin/c++ CMakeFiles/cmTC_92d01.dir/CheckIncludeFile.cxx.o -o cmTC_92d01 
gmake[1]: Leaving directory '/home/agilex/agilex_ws/build/glog/CMakeFiles/CMakeTmp'



Determining if the include file stddef.h exists passed with the following output:
Change Dir: /home/agilex/agilex_ws/build/glog/CMakeFiles/CMakeTmp

Run Build Command(s):/usr/bin/gmake -f Makefile cmTC_e05b8/fast && /usr/bin/gmake  -f CMakeFiles/cmTC_e05b8.dir/build.make CMakeFiles/cmTC_e05b8.dir/build
gmake[1]: Entering directory '/home/agilex/agilex_ws/build/glog/CMakeFiles/CMakeTmp'
Building CXX object CMakeFiles/cmTC_e05b8.dir/CheckIncludeFile.cxx.o
/usr/bin/c++   -fPIE -o CMakeFiles/cmTC_e05b8.dir/CheckIncludeFile.cxx.o -c /home/agilex/agilex_ws/build/glog/CMakeFiles/CMakeTmp/CheckIncludeFile.cxx
Linking CXX executable cmTC_e05b8
/usr/bin/cmake -E cmake_link_script CMakeFiles/cmTC_e05b8.dir/link.txt --verbose=1
/usr/bin/c++ CMakeFiles/cmTC_e05b8.dir/CheckIncludeFile.cxx.o -o cmTC_e05b8 
gmake[1]: Leaving directory '/home/agilex/agilex_ws/build/glog/CMakeFiles/CMakeTmp'



Determining size of u_int16_t passed with the following output:
Change Dir: /home/agilex/agilex_ws/build/glog/CMakeFiles/CMakeTmp

Run Build Command(s):/usr/bin/gmake -f Makefile cmTC_f4d3b/fast && /usr/bin/gmake  -f CMakeFiles/cmTC_f4d3b.dir/build.make CMakeFiles/cmTC_f4d3b.dir/build
gmake[1]: Entering directory '/home/agilex/agilex_ws/build/glog/CMakeFiles/CMakeTmp'
Building CXX object CMakeFiles/cmTC_f4d3b.dir/HAVE_U_INT16_T.cpp.o
/usr/bin/c++   -fPIE -o CMakeFiles/cmTC_f4d3b.dir/HAVE_U_INT16_T.cpp.o -c /home/agilex/agilex_ws/build/glog/CMakeFiles/CheckTypeSize/HAVE_U_INT16_T.cpp
Linking CXX executable cmTC_f4d3b
/usr/bin/cmake -E cmake_link_script CMakeFiles/cmTC_f4d3b.dir/link.txt --verbose=1
/usr/bin/c++ CMakeFiles/cmTC_f4d3b.dir/HAVE_U_INT16_T.cpp.o -o cmTC_f4d3b 
gmake[1]: Leaving directory '/home/agilex/agilex_ws/build/glog/CMakeFiles/CMakeTmp'



Determining size of uint16_t passed with the following output:
Change Dir: /home/agilex/agilex_ws/build/glog/CMakeFiles/CMakeTmp

Run Build Command(s):/usr/bin/gmake -f Makefile cmTC_3022e/fast && /usr/bin/gmake  -f CMakeFiles/cmTC_3022e.dir/build.make CMakeFiles/cmTC_3022e.dir/build
gmake[1]: Entering directory '/home/agilex/agilex_ws/build/glog/CMakeFiles/CMakeTmp'
Building CXX object CMakeFiles/cmTC_3022e.dir/HAVE_UINT16_T.cpp.o
/usr/bin/c++   -fPIE -o CMakeFiles/cmTC_3022e.dir/HAVE_UINT16_T.cpp.o -c /home/agilex/agilex_ws/build/glog/CMakeFiles/CheckTypeSize/HAVE_UINT16_T.cpp
Linking CXX executable cmTC_3022e
/usr/bin/cmake -E cmake_link_script CMakeFiles/cmTC_3022e.dir/link.txt --verbose=1
/usr/bin/c++ CMakeFiles/cmTC_3022e.dir/HAVE_UINT16_T.cpp.o -o cmTC_3022e 
gmake[1]: Leaving directory '/home/agilex/agilex_ws/build/glog/CMakeFiles/CMakeTmp'



Determining if the function dladdr exists passed with the following output:
Change Dir: /home/agilex/agilex_ws/build/glog/CMakeFiles/CMakeTmp

Run Build Command(s):/usr/bin/gmake -f Makefile cmTC_c9f81/fast && /usr/bin/gmake  -f CMakeFiles/cmTC_c9f81.dir/build.make CMakeFiles/cmTC_c9f81.dir/build
gmake[1]: Entering directory '/home/agilex/agilex_ws/build/glog/CMakeFiles/CMakeTmp'
Building CXX object CMakeFiles/cmTC_c9f81.dir/CheckFunctionExists.cxx.o
/usr/bin/c++   -DCHECK_FUNCTION_EXISTS=dladdr -fPIE -o CMakeFiles/cmTC_c9f81.dir/CheckFunctionExists.cxx.o -c /home/agilex/agilex_ws/build/glog/CMakeFiles/CheckFunctionExists/CheckFunctionExists.cxx
Linking CXX executable cmTC_c9f81
/usr/bin/cmake -E cmake_link_script CMakeFiles/cmTC_c9f81.dir/link.txt --verbose=1
/usr/bin/c++  -DCHECK_FUNCTION_EXISTS=dladdr CMakeFiles/cmTC_c9f81.dir/CheckFunctionExists.cxx.o -o cmTC_c9f81 
gmake[1]: Leaving directory '/home/agilex/agilex_ws/build/glog/CMakeFiles/CMakeTmp'



Determining if the function fcntl exists passed with the following output:
Change Dir: /home/agilex/agilex_ws/build/glog/CMakeFiles/CMakeTmp

Run Build Command(s):/usr/bin/gmake -f Makefile cmTC_3e199/fast && /usr/bin/gmake  -f CMakeFiles/cmTC_3e199.dir/build.make CMakeFiles/cmTC_3e199.dir/build
gmake[1]: Entering directory '/home/agilex/agilex_ws/build/glog/CMakeFiles/CMakeTmp'
Building CXX object CMakeFiles/cmTC_3e199.dir/CheckFunctionExists.cxx.o
/usr/bin/c++   -DCHECK_FUNCTION_EXISTS=fcntl -fPIE -o CMakeFiles/cmTC_3e199.dir/CheckFunctionExists.cxx.o -c /home/agilex/agilex_ws/build/glog/CMakeFiles/CheckFunctionExists/CheckFunctionExists.cxx
Linking CXX executable cmTC_3e199
/usr/bin/cmake -E cmake_link_script CMakeFiles/cmTC_3e199.dir/link.txt --verbose=1
/usr/bin/c++  -DCHECK_FUNCTION_EXISTS=fcntl CMakeFiles/cmTC_3e199.dir/CheckFunctionExists.cxx.o -o cmTC_3e199 
gmake[1]: Leaving directory '/home/agilex/agilex_ws/build/glog/CMakeFiles/CMakeTmp'



Determining if the function pread exists passed with the following output:
Change Dir: /home/agilex/agilex_ws/build/glog/CMakeFiles/CMakeTmp

Run Build Command(s):/usr/bin/gmake -f Makefile cmTC_c6a35/fast && /usr/bin/gmake  -f CMakeFiles/cmTC_c6a35.dir/build.make CMakeFiles/cmTC_c6a35.dir/build
gmake[1]: Entering directory '/home/agilex/agilex_ws/build/glog/CMakeFiles/CMakeTmp'
Building CXX object CMakeFiles/cmTC_c6a35.dir/CheckFunctionExists.cxx.o
/usr/bin/c++   -DCHECK_FUNCTION_EXISTS=pread -fPIE -o CMakeFiles/cmTC_c6a35.dir/CheckFunctionExists.cxx.o -c /home/agilex/agilex_ws/build/glog/CMakeFiles/CheckFunctionExists/CheckFunctionExists.cxx
Linking CXX executable cmTC_c6a35
/usr/bin/cmake -E cmake_link_script CMakeFiles/cmTC_c6a35.dir/link.txt --verbose=1
/usr/bin/c++  -DCHECK_FUNCTION_EXISTS=pread CMakeFiles/cmTC_c6a35.dir/CheckFunctionExists.cxx.o -o cmTC_c6a35 
gmake[1]: Leaving directory '/home/agilex/agilex_ws/build/glog/CMakeFiles/CMakeTmp'



Determining if the function pwrite exists passed with the following output:
Change Dir: /home/agilex/agilex_ws/build/glog/CMakeFiles/CMakeTmp

Run Build Command(s):/usr/bin/gmake -f Makefile cmTC_1e0ce/fast && /usr/bin/gmake  -f CMakeFiles/cmTC_1e0ce.dir/build.make CMakeFiles/cmTC_1e0ce.dir/build
gmake[1]: Entering directory '/home/agilex/agilex_ws/build/glog/CMakeFiles/CMakeTmp'
Building CXX object CMakeFiles/cmTC_1e0ce.dir/CheckFunctionExists.cxx.o
/usr/bin/c++   -DCHECK_FUNCTION_EXISTS=pwrite -fPIE -o CMakeFiles/cmTC_1e0ce.dir/CheckFunctionExists.cxx.o -c /home/agilex/agilex_ws/build/glog/CMakeFiles/CheckFunctionExists/CheckFunctionExists.cxx
Linking CXX executable cmTC_1e0ce
/usr/bin/cmake -E cmake_link_script CMakeFiles/cmTC_1e0ce.dir/link.txt --verbose=1
/usr/bin/c++  -DCHECK_FUNCTION_EXISTS=pwrite CMakeFiles/cmTC_1e0ce.dir/CheckFunctionExists.cxx.o -o cmTC_1e0ce 
gmake[1]: Leaving directory '/home/agilex/agilex_ws/build/glog/CMakeFiles/CMakeTmp'



Determining if the function sigaction exists passed with the following output:
Change Dir: /home/agilex/agilex_ws/build/glog/CMakeFiles/CMakeTmp

Run Build Command(s):/usr/bin/gmake -f Makefile cmTC_06cf3/fast && /usr/bin/gmake  -f CMakeFiles/cmTC_06cf3.dir/build.make CMakeFiles/cmTC_06cf3.dir/build
gmake[1]: Entering directory '/home/agilex/agilex_ws/build/glog/CMakeFiles/CMakeTmp'
Building CXX object CMakeFiles/cmTC_06cf3.dir/CheckFunctionExists.cxx.o
/usr/bin/c++   -DCHECK_FUNCTION_EXISTS=sigaction -fPIE -o CMakeFiles/cmTC_06cf3.dir/CheckFunctionExists.cxx.o -c /home/agilex/agilex_ws/build/glog/CMakeFiles/CheckFunctionExists/CheckFunctionExists.cxx
Linking CXX executable cmTC_06cf3
/usr/bin/cmake -E cmake_link_script CMakeFiles/cmTC_06cf3.dir/link.txt --verbose=1
/usr/bin/c++  -DCHECK_FUNCTION_EXISTS=sigaction CMakeFiles/cmTC_06cf3.dir/CheckFunctionExists.cxx.o -o cmTC_06cf3 
gmake[1]: Leaving directory '/home/agilex/agilex_ws/build/glog/CMakeFiles/CMakeTmp'



Determining if the function sigaltstack exists passed with the following output:
Change Dir: /home/agilex/agilex_ws/build/glog/CMakeFiles/CMakeTmp

Run Build Command(s):/usr/bin/gmake -f Makefile cmTC_54c16/fast && /usr/bin/gmake  -f CMakeFiles/cmTC_54c16.dir/build.make CMakeFiles/cmTC_54c16.dir/build
gmake[1]: Entering directory '/home/agilex/agilex_ws/build/glog/CMakeFiles/CMakeTmp'
Building CXX object CMakeFiles/cmTC_54c16.dir/CheckFunctionExists.cxx.o
/usr/bin/c++   -DCHECK_FUNCTION_EXISTS=sigaltstack -fPIE -o CMakeFiles/cmTC_54c16.dir/CheckFunctionExists.cxx.o -c /home/agilex/agilex_ws/build/glog/CMakeFiles/CheckFunctionExists/CheckFunctionExists.cxx
Linking CXX executable cmTC_54c16
/usr/bin/cmake -E cmake_link_script CMakeFiles/cmTC_54c16.dir/link.txt --verbose=1
/usr/bin/c++  -DCHECK_FUNCTION_EXISTS=sigaltstack CMakeFiles/cmTC_54c16.dir/CheckFunctionExists.cxx.o -o cmTC_54c16 
gmake[1]: Leaving directory '/home/agilex/agilex_ws/build/glog/CMakeFiles/CMakeTmp'



Performing C++ SOURCE FILE Test HAVE_NO_DEPRECATED succeeded with the following output:
Change Dir: /home/agilex/agilex_ws/build/glog/CMakeFiles/CMakeTmp

Run Build Command(s):/usr/bin/gmake -f Makefile cmTC_54299/fast && /usr/bin/gmake  -f CMakeFiles/cmTC_54299.dir/build.make CMakeFiles/cmTC_54299.dir/build
gmake[1]: Entering directory '/home/agilex/agilex_ws/build/glog/CMakeFiles/CMakeTmp'
Building CXX object CMakeFiles/cmTC_54299.dir/src.cxx.o
/usr/bin/c++ -DHAVE_NO_DEPRECATED  -fPIE   -Wdeprecated -o CMakeFiles/cmTC_54299.dir/src.cxx.o -c /home/agilex/agilex_ws/build/glog/CMakeFiles/CMakeTmp/src.cxx
Linking CXX executable cmTC_54299
/usr/bin/cmake -E cmake_link_script CMakeFiles/cmTC_54299.dir/link.txt --verbose=1
/usr/bin/c++ CMakeFiles/cmTC_54299.dir/src.cxx.o -o cmTC_54299 
gmake[1]: Leaving directory '/home/agilex/agilex_ws/build/glog/CMakeFiles/CMakeTmp'


Source file was:
int main() { return 0; }
Determining if the snprintf exist passed with the following output:
Change Dir: /home/agilex/agilex_ws/build/glog/CMakeFiles/CMakeTmp

Run Build Command(s):/usr/bin/gmake -f Makefile cmTC_428d4/fast && /usr/bin/gmake  -f CMakeFiles/cmTC_428d4.dir/build.make CMakeFiles/cmTC_428d4.dir/build
gmake[1]: Entering directory '/home/agilex/agilex_ws/build/glog/CMakeFiles/CMakeTmp'
Building CXX object CMakeFiles/cmTC_428d4.dir/CheckSymbolExists.cxx.o
/usr/bin/c++   -fPIE -o CMakeFiles/cmTC_428d4.dir/CheckSymbolExists.cxx.o -c /home/agilex/agilex_ws/build/glog/CMakeFiles/CMakeTmp/CheckSymbolExists.cxx
Linking CXX executable cmTC_428d4
/usr/bin/cmake -E cmake_link_script CMakeFiles/cmTC_428d4.dir/link.txt --verbose=1
/usr/bin/c++ CMakeFiles/cmTC_428d4.dir/CheckSymbolExists.cxx.o -o cmTC_428d4 
gmake[1]: Leaving directory '/home/agilex/agilex_ws/build/glog/CMakeFiles/CMakeTmp'


File /home/agilex/agilex_ws/build/glog/CMakeFiles/CMakeTmp/CheckSymbolExists.cxx:
/* */
#include <cstdio>

int main(int argc, char** argv)
{
  (void)argv;
#ifndef snprintf
  return ((int*)(&snprintf))[argc];
#else
  (void)argc;
  return 0;
#endif
}
Performing C++ SOURCE FILE Test HAVE___ATTRIBUTE__ succeeded with the following output:
Change Dir: /home/agilex/agilex_ws/build/glog/CMakeFiles/CMakeTmp

Run Build Command(s):/usr/bin/gmake -f Makefile cmTC_3a426/fast && /usr/bin/gmake  -f CMakeFiles/cmTC_3a426.dir/build.make CMakeFiles/cmTC_3a426.dir/build
gmake[1]: Entering directory '/home/agilex/agilex_ws/build/glog/CMakeFiles/CMakeTmp'
Building CXX object CMakeFiles/cmTC_3a426.dir/src.cxx.o
/usr/bin/c++ -DHAVE___ATTRIBUTE__  -fPIE -o CMakeFiles/cmTC_3a426.dir/src.cxx.o -c /home/agilex/agilex_ws/build/glog/CMakeFiles/CMakeTmp/src.cxx
Linking CXX executable cmTC_3a426
/usr/bin/cmake -E cmake_link_script CMakeFiles/cmTC_3a426.dir/link.txt --verbose=1
/usr/bin/c++ CMakeFiles/cmTC_3a426.dir/src.cxx.o -o cmTC_3a426 
gmake[1]: Leaving directory '/home/agilex/agilex_ws/build/glog/CMakeFiles/CMakeTmp'


Source file was:

#include <cstdlib>
static void foo(void) __attribute__ ((unused));
int main(void) { return 0; }

Performing C++ SOURCE FILE Test HAVE___ATTRIBUTE__VISIBILITY_DEFAULT succeeded with the following output:
Change Dir: /home/agilex/agilex_ws/build/glog/CMakeFiles/CMakeTmp

Run Build Command(s):/usr/bin/gmake -f Makefile cmTC_47500/fast && /usr/bin/gmake  -f CMakeFiles/cmTC_47500.dir/build.make CMakeFiles/cmTC_47500.dir/build
gmake[1]: Entering directory '/home/agilex/agilex_ws/build/glog/CMakeFiles/CMakeTmp'
Building CXX object CMakeFiles/cmTC_47500.dir/src.cxx.o
/usr/bin/c++ -DHAVE___ATTRIBUTE__VISIBILITY_DEFAULT  -fPIE -o CMakeFiles/cmTC_47500.dir/src.cxx.o -c /home/agilex/agilex_ws/build/glog/CMakeFiles/CMakeTmp/src.cxx
/home/agilex/agilex_ws/build/glog/CMakeFiles/CMakeTmp/src.cxx:3:61: warning: visibility attribute ignored [-Wattributes]
    3 | static void foo(void) __attribute__ ((visibility("default")));
      |                                                             ^
Linking CXX executable cmTC_47500
/usr/bin/cmake -E cmake_link_script CMakeFiles/cmTC_47500.dir/link.txt --verbose=1
/usr/bin/c++ CMakeFiles/cmTC_47500.dir/src.cxx.o -o cmTC_47500 
gmake[1]: Leaving directory '/home/agilex/agilex_ws/build/glog/CMakeFiles/CMakeTmp'


Source file was:

#include <cstdlib>
static void foo(void) __attribute__ ((visibility("default")));
int main(void) { return 0; }

Performing C++ SOURCE FILE Test HAVE___ATTRIBUTE__VISIBILITY_HIDDEN succeeded with the following output:
Change Dir: /home/agilex/agilex_ws/build/glog/CMakeFiles/CMakeTmp

Run Build Command(s):/usr/bin/gmake -f Makefile cmTC_4d153/fast && /usr/bin/gmake  -f CMakeFiles/cmTC_4d153.dir/build.make CMakeFiles/cmTC_4d153.dir/build
gmake[1]: Entering directory '/home/agilex/agilex_ws/build/glog/CMakeFiles/CMakeTmp'
Building CXX object CMakeFiles/cmTC_4d153.dir/src.cxx.o
/usr/bin/c++ -DHAVE___ATTRIBUTE__VISIBILITY_HIDDEN  -fPIE -o CMakeFiles/cmTC_4d153.dir/src.cxx.o -c /home/agilex/agilex_ws/build/glog/CMakeFiles/CMakeTmp/src.cxx
/home/agilex/agilex_ws/build/glog/CMakeFiles/CMakeTmp/src.cxx:3:60: warning: visibility attribute ignored [-Wattributes]
    3 | static void foo(void) __attribute__ ((visibility("hidden")));
      |                                                            ^
Linking CXX executable cmTC_4d153
/usr/bin/cmake -E cmake_link_script CMakeFiles/cmTC_4d153.dir/link.txt --verbose=1
/usr/bin/c++ CMakeFiles/cmTC_4d153.dir/src.cxx.o -o cmTC_4d153 
gmake[1]: Leaving directory '/home/agilex/agilex_ws/build/glog/CMakeFiles/CMakeTmp'


Source file was:

#include <cstdlib>
static void foo(void) __attribute__ ((visibility("hidden")));
int main(void) { return 0; }

Performing C++ SOURCE FILE Test HAVE___BUILTIN_EXPECT succeeded with the following output:
Change Dir: /home/agilex/agilex_ws/build/glog/CMakeFiles/CMakeTmp

Run Build Command(s):/usr/bin/gmake -f Makefile cmTC_0a62e/fast && /usr/bin/gmake  -f CMakeFiles/cmTC_0a62e.dir/build.make CMakeFiles/cmTC_0a62e.dir/build
gmake[1]: Entering directory '/home/agilex/agilex_ws/build/glog/CMakeFiles/CMakeTmp'
Building CXX object CMakeFiles/cmTC_0a62e.dir/src.cxx.o
/usr/bin/c++ -DHAVE___BUILTIN_EXPECT  -fPIE -o CMakeFiles/cmTC_0a62e.dir/src.cxx.o -c /home/agilex/agilex_ws/build/glog/CMakeFiles/CMakeTmp/src.cxx
Linking CXX executable cmTC_0a62e
/usr/bin/cmake -E cmake_link_script CMakeFiles/cmTC_0a62e.dir/link.txt --verbose=1
/usr/bin/c++ CMakeFiles/cmTC_0a62e.dir/src.cxx.o -o cmTC_0a62e 
gmake[1]: Leaving directory '/home/agilex/agilex_ws/build/glog/CMakeFiles/CMakeTmp'


Source file was:

int main(void) { if (__builtin_expect(0, 0)) return 1; return 0; }

Performing C++ SOURCE FILE Test HAVE___SYNC_VAL_COMPARE_AND_SWAP succeeded with the following output:
Change Dir: /home/agilex/agilex_ws/build/glog/CMakeFiles/CMakeTmp

Run Build Command(s):/usr/bin/gmake -f Makefile cmTC_6d2e3/fast && /usr/bin/gmake  -f CMakeFiles/cmTC_6d2e3.dir/build.make CMakeFiles/cmTC_6d2e3.dir/build
gmake[1]: Entering directory '/home/agilex/agilex_ws/build/glog/CMakeFiles/CMakeTmp'
Building CXX object CMakeFiles/cmTC_6d2e3.dir/src.cxx.o
/usr/bin/c++ -DHAVE___SYNC_VAL_COMPARE_AND_SWAP  -fPIE -o CMakeFiles/cmTC_6d2e3.dir/src.cxx.o -c /home/agilex/agilex_ws/build/glog/CMakeFiles/CMakeTmp/src.cxx
Linking CXX executable cmTC_6d2e3
/usr/bin/cmake -E cmake_link_script CMakeFiles/cmTC_6d2e3.dir/link.txt --verbose=1
/usr/bin/c++ CMakeFiles/cmTC_6d2e3.dir/src.cxx.o -o cmTC_6d2e3 
gmake[1]: Leaving directory '/home/agilex/agilex_ws/build/glog/CMakeFiles/CMakeTmp'


Source file was:

int main(void)
{
  int a; if (__sync_val_compare_and_swap(&a, 0, 1)) return 1; return 0;
}

Performing C++ SOURCE FILE Test HAVE_RWLOCK succeeded with the following output:
Change Dir: /home/agilex/agilex_ws/build/glog/CMakeFiles/CMakeTmp

Run Build Command(s):/usr/bin/gmake -f Makefile cmTC_5572d/fast && /usr/bin/gmake  -f CMakeFiles/cmTC_5572d.dir/build.make CMakeFiles/cmTC_5572d.dir/build
gmake[1]: Entering directory '/home/agilex/agilex_ws/build/glog/CMakeFiles/CMakeTmp'
Building CXX object CMakeFiles/cmTC_5572d.dir/src.cxx.o
/usr/bin/c++ -DHAVE_RWLOCK  -fPIE -o CMakeFiles/cmTC_5572d.dir/src.cxx.o -c /home/agilex/agilex_ws/build/glog/CMakeFiles/CMakeTmp/src.cxx
Linking CXX executable cmTC_5572d
/usr/bin/cmake -E cmake_link_script CMakeFiles/cmTC_5572d.dir/link.txt --verbose=1
/usr/bin/c++ CMakeFiles/cmTC_5572d.dir/src.cxx.o -o cmTC_5572d 
gmake[1]: Leaving directory '/home/agilex/agilex_ws/build/glog/CMakeFiles/CMakeTmp'


Source file was:

#define _XOPEN_SOURCE 500
#include <pthread.h>
int main(void)
{
  pthread_rwlock_t l;
  pthread_rwlock_init(&l, NULL);
  pthread_rwlock_rdlock(&l);
  return 0;
}

Performing C++ SOURCE FILE Test STL_STD_NAMESPACE succeeded with the following output:
Change Dir: /home/agilex/agilex_ws/build/glog/CMakeFiles/CMakeTmp

Run Build Command(s):/usr/bin/gmake -f Makefile cmTC_8a2fb/fast && /usr/bin/gmake  -f CMakeFiles/cmTC_8a2fb.dir/build.make CMakeFiles/cmTC_8a2fb.dir/build
gmake[1]: Entering directory '/home/agilex/agilex_ws/build/glog/CMakeFiles/CMakeTmp'
Building CXX object CMakeFiles/cmTC_8a2fb.dir/src.cxx.o
/usr/bin/c++ -DSTL_STD_NAMESPACE  -fPIE -o CMakeFiles/cmTC_8a2fb.dir/src.cxx.o -c /home/agilex/agilex_ws/build/glog/CMakeFiles/CMakeTmp/src.cxx
Linking CXX executable cmTC_8a2fb
/usr/bin/cmake -E cmake_link_script CMakeFiles/cmTC_8a2fb.dir/link.txt --verbose=1
/usr/bin/c++ CMakeFiles/cmTC_8a2fb.dir/src.cxx.o -o cmTC_8a2fb 
gmake[1]: Leaving directory '/home/agilex/agilex_ws/build/glog/CMakeFiles/CMakeTmp'


Source file was:

#include <vector>
std::vector<int> t; int main() { }

Performing C++ SOURCE FILE Test HAVE_USING_OPERATOR succeeded with the following output:
Change Dir: /home/agilex/agilex_ws/build/glog/CMakeFiles/CMakeTmp

Run Build Command(s):/usr/bin/gmake -f Makefile cmTC_93536/fast && /usr/bin/gmake  -f CMakeFiles/cmTC_93536.dir/build.make CMakeFiles/cmTC_93536.dir/build
gmake[1]: Entering directory '/home/agilex/agilex_ws/build/glog/CMakeFiles/CMakeTmp'
Building CXX object CMakeFiles/cmTC_93536.dir/src.cxx.o
/usr/bin/c++ -DHAVE_USING_OPERATOR  -fPIE -o CMakeFiles/cmTC_93536.dir/src.cxx.o -c /home/agilex/agilex_ws/build/glog/CMakeFiles/CMakeTmp/src.cxx
Linking CXX executable cmTC_93536
/usr/bin/cmake -E cmake_link_script CMakeFiles/cmTC_93536.dir/link.txt --verbose=1
/usr/bin/c++ CMakeFiles/cmTC_93536.dir/src.cxx.o -o cmTC_93536 
gmake[1]: Leaving directory '/home/agilex/agilex_ws/build/glog/CMakeFiles/CMakeTmp'


Source file was:

#include <iostream>
std::ostream& operator<<(std::ostream&, struct s);
using ::operator<<;
int main() { }

Performing C++ SOURCE FILE Test HAVE_NAMESPACES succeeded with the following output:
Change Dir: /home/agilex/agilex_ws/build/glog/CMakeFiles/CMakeTmp

Run Build Command(s):/usr/bin/gmake -f Makefile cmTC_64471/fast && /usr/bin/gmake  -f CMakeFiles/cmTC_64471.dir/build.make CMakeFiles/cmTC_64471.dir/build
gmake[1]: Entering directory '/home/agilex/agilex_ws/build/glog/CMakeFiles/CMakeTmp'
Building CXX object CMakeFiles/cmTC_64471.dir/src.cxx.o
/usr/bin/c++ -DHAVE_NAMESPACES  -fPIE -o CMakeFiles/cmTC_64471.dir/src.cxx.o -c /home/agilex/agilex_ws/build/glog/CMakeFiles/CMakeTmp/src.cxx
Linking CXX executable cmTC_64471
/usr/bin/cmake -E cmake_link_script CMakeFiles/cmTC_64471.dir/link.txt --verbose=1
/usr/bin/c++ CMakeFiles/cmTC_64471.dir/src.cxx.o -o cmTC_64471 
gmake[1]: Leaving directory '/home/agilex/agilex_ws/build/glog/CMakeFiles/CMakeTmp'


Source file was:

namespace Outer { namespace Inner { int i = 0; }}
using namespace Outer::Inner;;
int main() { return i; }

Performing C++ SOURCE FILE Test HAVE_GCC_TLS succeeded with the following output:
Change Dir: /home/agilex/agilex_ws/build/glog/CMakeFiles/CMakeTmp

Run Build Command(s):/usr/bin/gmake -f Makefile cmTC_f068f/fast && /usr/bin/gmake  -f CMakeFiles/cmTC_f068f.dir/build.make CMakeFiles/cmTC_f068f.dir/build
gmake[1]: Entering directory '/home/agilex/agilex_ws/build/glog/CMakeFiles/CMakeTmp'
Building CXX object CMakeFiles/cmTC_f068f.dir/src.cxx.o
/usr/bin/c++ -DHAVE_GCC_TLS  -fPIE -o CMakeFiles/cmTC_f068f.dir/src.cxx.o -c /home/agilex/agilex_ws/build/glog/CMakeFiles/CMakeTmp/src.cxx
Linking CXX executable cmTC_f068f
/usr/bin/cmake -E cmake_link_script CMakeFiles/cmTC_f068f.dir/link.txt --verbose=1
/usr/bin/c++ CMakeFiles/cmTC_f068f.dir/src.cxx.o -o cmTC_f068f 
gmake[1]: Leaving directory '/home/agilex/agilex_ws/build/glog/CMakeFiles/CMakeTmp'


Source file was:

__thread int tls;
int main() { }

Performing C++ SOURCE FILE Test HAVE_CXX11_TLS succeeded with the following output:
Change Dir: /home/agilex/agilex_ws/build/glog/CMakeFiles/CMakeTmp

Run Build Command(s):/usr/bin/gmake -f Makefile cmTC_cdef5/fast && /usr/bin/gmake  -f CMakeFiles/cmTC_cdef5.dir/build.make CMakeFiles/cmTC_cdef5.dir/build
gmake[1]: Entering directory '/home/agilex/agilex_ws/build/glog/CMakeFiles/CMakeTmp'
Building CXX object CMakeFiles/cmTC_cdef5.dir/src.cxx.o
/usr/bin/c++ -DHAVE_CXX11_TLS  -fPIE -o CMakeFiles/cmTC_cdef5.dir/src.cxx.o -c /home/agilex/agilex_ws/build/glog/CMakeFiles/CMakeTmp/src.cxx
Linking CXX executable cmTC_cdef5
/usr/bin/cmake -E cmake_link_script CMakeFiles/cmTC_cdef5.dir/link.txt --verbose=1
/usr/bin/c++ CMakeFiles/cmTC_cdef5.dir/src.cxx.o -o cmTC_cdef5 
gmake[1]: Leaving directory '/home/agilex/agilex_ws/build/glog/CMakeFiles/CMakeTmp'


Source file was:

thread_local int tls;
int main() { }

Performing C++ SOURCE FILE Test HAVE_ALIGNED_STORAGE succeeded with the following output:
Change Dir: /home/agilex/agilex_ws/build/glog/CMakeFiles/CMakeTmp

Run Build Command(s):/usr/bin/gmake -f Makefile cmTC_90b99/fast && /usr/bin/gmake  -f CMakeFiles/cmTC_90b99.dir/build.make CMakeFiles/cmTC_90b99.dir/build
gmake[1]: Entering directory '/home/agilex/agilex_ws/build/glog/CMakeFiles/CMakeTmp'
Building CXX object CMakeFiles/cmTC_90b99.dir/src.cxx.o
/usr/bin/c++ -DHAVE_ALIGNED_STORAGE  -fPIE -o CMakeFiles/cmTC_90b99.dir/src.cxx.o -c /home/agilex/agilex_ws/build/glog/CMakeFiles/CMakeTmp/src.cxx
Linking CXX executable cmTC_90b99
/usr/bin/cmake -E cmake_link_script CMakeFiles/cmTC_90b99.dir/link.txt --verbose=1
/usr/bin/c++ CMakeFiles/cmTC_90b99.dir/src.cxx.o -o cmTC_90b99 
gmake[1]: Leaving directory '/home/agilex/agilex_ws/build/glog/CMakeFiles/CMakeTmp'


Source file was:

#include <type_traits>
std::aligned_storage<sizeof(char), alignof(char)>::type data;
int main() { }

Performing C++ SOURCE FILE Test HAVE_CXX11_ATOMIC succeeded with the following output:
Change Dir: /home/agilex/agilex_ws/build/glog/CMakeFiles/CMakeTmp

Run Build Command(s):/usr/bin/gmake -f Makefile cmTC_26ef0/fast && /usr/bin/gmake  -f CMakeFiles/cmTC_26ef0.dir/build.make CMakeFiles/cmTC_26ef0.dir/build
gmake[1]: Entering directory '/home/agilex/agilex_ws/build/glog/CMakeFiles/CMakeTmp'
Building CXX object CMakeFiles/cmTC_26ef0.dir/src.cxx.o
/usr/bin/c++ -DHAVE_CXX11_ATOMIC  -fPIE -o CMakeFiles/cmTC_26ef0.dir/src.cxx.o -c /home/agilex/agilex_ws/build/glog/CMakeFiles/CMakeTmp/src.cxx
Linking CXX executable cmTC_26ef0
/usr/bin/cmake -E cmake_link_script CMakeFiles/cmTC_26ef0.dir/link.txt --verbose=1
/usr/bin/c++ CMakeFiles/cmTC_26ef0.dir/src.cxx.o -o cmTC_26ef0 
gmake[1]: Leaving directory '/home/agilex/agilex_ws/build/glog/CMakeFiles/CMakeTmp'


Source file was:

#include <atomic>
std::atomic<int> i;
int main() { }

Performing C++ SOURCE FILE Test HAVE_CXX11_CONSTEXPR succeeded with the following output:
Change Dir: /home/agilex/agilex_ws/build/glog/CMakeFiles/CMakeTmp

Run Build Command(s):/usr/bin/gmake -f Makefile cmTC_4bbf7/fast && /usr/bin/gmake  -f CMakeFiles/cmTC_4bbf7.dir/build.make CMakeFiles/cmTC_4bbf7.dir/build
gmake[1]: Entering directory '/home/agilex/agilex_ws/build/glog/CMakeFiles/CMakeTmp'
Building CXX object CMakeFiles/cmTC_4bbf7.dir/src.cxx.o
/usr/bin/c++ -DHAVE_CXX11_CONSTEXPR  -fPIE -o CMakeFiles/cmTC_4bbf7.dir/src.cxx.o -c /home/agilex/agilex_ws/build/glog/CMakeFiles/CMakeTmp/src.cxx
Linking CXX executable cmTC_4bbf7
/usr/bin/cmake -E cmake_link_script CMakeFiles/cmTC_4bbf7.dir/link.txt --verbose=1
/usr/bin/c++ CMakeFiles/cmTC_4bbf7.dir/src.cxx.o -o cmTC_4bbf7 
gmake[1]: Leaving directory '/home/agilex/agilex_ws/build/glog/CMakeFiles/CMakeTmp'


Source file was:

constexpr int x = 0;
int main() { }

Performing C++ SOURCE FILE Test HAVE_CXX11_CHRONO succeeded with the following output:
Change Dir: /home/agilex/agilex_ws/build/glog/CMakeFiles/CMakeTmp

Run Build Command(s):/usr/bin/gmake -f Makefile cmTC_5742f/fast && /usr/bin/gmake  -f CMakeFiles/cmTC_5742f.dir/build.make CMakeFiles/cmTC_5742f.dir/build
gmake[1]: Entering directory '/home/agilex/agilex_ws/build/glog/CMakeFiles/CMakeTmp'
Building CXX object CMakeFiles/cmTC_5742f.dir/src.cxx.o
/usr/bin/c++ -DHAVE_CXX11_CHRONO  -fPIE -o CMakeFiles/cmTC_5742f.dir/src.cxx.o -c /home/agilex/agilex_ws/build/glog/CMakeFiles/CMakeTmp/src.cxx
Linking CXX executable cmTC_5742f
/usr/bin/cmake -E cmake_link_script CMakeFiles/cmTC_5742f.dir/link.txt --verbose=1
/usr/bin/c++ CMakeFiles/cmTC_5742f.dir/src.cxx.o -o cmTC_5742f 
gmake[1]: Leaving directory '/home/agilex/agilex_ws/build/glog/CMakeFiles/CMakeTmp'


Source file was:

#include <chrono>
std::chrono::seconds s;
int main() { }

Performing C++ SOURCE FILE Test HAVE_CXX11_NULLPTR_T succeeded with the following output:
Change Dir: /home/agilex/agilex_ws/build/glog/CMakeFiles/CMakeTmp

Run Build Command(s):/usr/bin/gmake -f Makefile cmTC_d1b6a/fast && /usr/bin/gmake  -f CMakeFiles/cmTC_d1b6a.dir/build.make CMakeFiles/cmTC_d1b6a.dir/build
gmake[1]: Entering directory '/home/agilex/agilex_ws/build/glog/CMakeFiles/CMakeTmp'
Building CXX object CMakeFiles/cmTC_d1b6a.dir/src.cxx.o
/usr/bin/c++ -DHAVE_CXX11_NULLPTR_T  -fPIE -o CMakeFiles/cmTC_d1b6a.dir/src.cxx.o -c /home/agilex/agilex_ws/build/glog/CMakeFiles/CMakeTmp/src.cxx
Linking CXX executable cmTC_d1b6a
/usr/bin/cmake -E cmake_link_script CMakeFiles/cmTC_d1b6a.dir/link.txt --verbose=1
/usr/bin/c++ CMakeFiles/cmTC_d1b6a.dir/src.cxx.o -o cmTC_d1b6a 
gmake[1]: Leaving directory '/home/agilex/agilex_ws/build/glog/CMakeFiles/CMakeTmp'


Source file was:

#include <cstddef>
void foo(std::nullptr_t) {}
int main(void) { foo(nullptr); }

Performing C++ SOURCE FILE Test HAVE_LOCALTIME_R succeeded with the following output:
Change Dir: /home/agilex/agilex_ws/build/glog/CMakeFiles/CMakeTmp

Run Build Command(s):/usr/bin/gmake -f Makefile cmTC_7c372/fast && /usr/bin/gmake  -f CMakeFiles/cmTC_7c372.dir/build.make CMakeFiles/cmTC_7c372.dir/build
gmake[1]: Entering directory '/home/agilex/agilex_ws/build/glog/CMakeFiles/CMakeTmp'
Building CXX object CMakeFiles/cmTC_7c372.dir/src.cxx.o
/usr/bin/c++ -DHAVE_LOCALTIME_R  -fPIE -o CMakeFiles/cmTC_7c372.dir/src.cxx.o -c /home/agilex/agilex_ws/build/glog/CMakeFiles/CMakeTmp/src.cxx
Linking CXX executable cmTC_7c372
/usr/bin/cmake -E cmake_link_script CMakeFiles/cmTC_7c372.dir/link.txt --verbose=1
/usr/bin/c++ CMakeFiles/cmTC_7c372.dir/src.cxx.o -o cmTC_7c372 
gmake[1]: Leaving directory '/home/agilex/agilex_ws/build/glog/CMakeFiles/CMakeTmp'


Source file was:

#include <cstdlib>
#include <ctime>
int main()
{
    time_t timep;
    struct tm result;
    localtime_r(&timep, &result);
    return EXIT_SUCCESS;
}

Performing C++ SOURCE FILE Test COMPILER_HAS_HIDDEN_VISIBILITY succeeded with the following output:
Change Dir: /home/agilex/agilex_ws/build/glog/CMakeFiles/CMakeTmp

Run Build Command(s):/usr/bin/gmake -f Makefile cmTC_de194/fast && /usr/bin/gmake  -f CMakeFiles/cmTC_de194.dir/build.make CMakeFiles/cmTC_de194.dir/build
gmake[1]: Entering directory '/home/agilex/agilex_ws/build/glog/CMakeFiles/CMakeTmp'
Building CXX object CMakeFiles/cmTC_de194.dir/src.cxx.o
/usr/bin/c++ -DCOMPILER_HAS_HIDDEN_VISIBILITY  -fPIE   -fvisibility=hidden -o CMakeFiles/cmTC_de194.dir/src.cxx.o -c /home/agilex/agilex_ws/build/glog/CMakeFiles/CMakeTmp/src.cxx
Linking CXX executable cmTC_de194
/usr/bin/cmake -E cmake_link_script CMakeFiles/cmTC_de194.dir/link.txt --verbose=1
/usr/bin/c++ CMakeFiles/cmTC_de194.dir/src.cxx.o -o cmTC_de194 
gmake[1]: Leaving directory '/home/agilex/agilex_ws/build/glog/CMakeFiles/CMakeTmp'


Source file was:
int main() { return 0; }
Performing C++ SOURCE FILE Test COMPILER_HAS_HIDDEN_INLINE_VISIBILITY succeeded with the following output:
Change Dir: /home/agilex/agilex_ws/build/glog/CMakeFiles/CMakeTmp

Run Build Command(s):/usr/bin/gmake -f Makefile cmTC_bfa06/fast && /usr/bin/gmake  -f CMakeFiles/cmTC_bfa06.dir/build.make CMakeFiles/cmTC_bfa06.dir/build
gmake[1]: Entering directory '/home/agilex/agilex_ws/build/glog/CMakeFiles/CMakeTmp'
Building CXX object CMakeFiles/cmTC_bfa06.dir/src.cxx.o
/usr/bin/c++ -DCOMPILER_HAS_HIDDEN_INLINE_VISIBILITY  -fPIE   -fvisibility-inlines-hidden -o CMakeFiles/cmTC_bfa06.dir/src.cxx.o -c /home/agilex/agilex_ws/build/glog/CMakeFiles/CMakeTmp/src.cxx
Linking CXX executable cmTC_bfa06
/usr/bin/cmake -E cmake_link_script CMakeFiles/cmTC_bfa06.dir/link.txt --verbose=1
/usr/bin/c++ CMakeFiles/cmTC_bfa06.dir/src.cxx.o -o cmTC_bfa06 
gmake[1]: Leaving directory '/home/agilex/agilex_ws/build/glog/CMakeFiles/CMakeTmp'


Source file was:
int main() { return 0; }
Performing C++ SOURCE FILE Test COMPILER_HAS_DEPRECATED_ATTR succeeded with the following output:
Change Dir: /home/agilex/agilex_ws/build/glog/CMakeFiles/CMakeTmp

Run Build Command(s):/usr/bin/gmake -f Makefile cmTC_19ee6/fast && /usr/bin/gmake  -f CMakeFiles/cmTC_19ee6.dir/build.make CMakeFiles/cmTC_19ee6.dir/build
gmake[1]: Entering directory '/home/agilex/agilex_ws/build/glog/CMakeFiles/CMakeTmp'
Building CXX object CMakeFiles/cmTC_19ee6.dir/src.cxx.o
/usr/bin/c++ -DCOMPILER_HAS_DEPRECATED_ATTR  -fPIE -o CMakeFiles/cmTC_19ee6.dir/src.cxx.o -c /home/agilex/agilex_ws/build/glog/CMakeFiles/CMakeTmp/src.cxx
/home/agilex/agilex_ws/build/glog/CMakeFiles/CMakeTmp/src.cxx: In function int main():
/home/agilex/agilex_ws/build/glog/CMakeFiles/CMakeTmp/src.cxx:2:33: warning: int somefunc() is deprecated [-Wdeprecated-declarations]
    2 |     int main() { return somefunc();}
      |                         ~~~~~~~~^~
/home/agilex/agilex_ws/build/glog/CMakeFiles/CMakeTmp/src.cxx:1:37: note: declared here
    1 | __attribute__((__deprecated__)) int somefunc() { return 0; }
      |                                     ^~~~~~~~
Linking CXX executable cmTC_19ee6
/usr/bin/cmake -E cmake_link_script CMakeFiles/cmTC_19ee6.dir/link.txt --verbose=1
/usr/bin/c++ CMakeFiles/cmTC_19ee6.dir/src.cxx.o -o cmTC_19ee6 
gmake[1]: Leaving directory '/home/agilex/agilex_ws/build/glog/CMakeFiles/CMakeTmp'


Source file was:
__attribute__((__deprecated__)) int somefunc() { return 0; }
    int main() { return somefunc();}
